#
# A fatal error has been detected by the Java Runtime Environment:
#
#  EXCEPTION_ACCESS_VIOLATION (0xc0000005) at pc=0x00007fffed2a6ab7, pid=20160, tid=20252
#
# JRE version: OpenJDK Runtime Environment Corretto-17.0.10.7.1 (17.0.10+7) (build 17.0.10+7-LTS)
# Java VM: OpenJDK 64-Bit Server VM Corretto-17.0.10.7.1 (17.0.10+7-LTS, mixed mode, sharing, tiered, compressed oops, compressed class ptrs, g1 gc, windows-amd64)
# Problematic frame:
# C  [glass.dll+0x26ab7]
#
# No core dump will be written. Minidumps are not enabled by default on client versions of Windows
#
# If you would like to submit a bug report, please visit:
#   https://github.com/corretto/corretto-17/issues/
#

---------------  S U M M A R Y ------------

Command Line: -javaagent:D:\IntelliJ IDEA 2023.2.4\lib\idea_rt.jar=56335:D:\IntelliJ IDEA 2023.2.4\bin -Dfile.encoding=UTF-8 --module-path=C:\Users\ËÎ¿¡Èå\.m2\repository\org\openjfx\javafx-controls\17.0.2\javafx-controls-17.0.2-win.jar;C:\Users\ËÎ¿¡Èå\Desktop\1\Java-fx\target\classes;C:\Users\ËÎ¿¡Èå\.m2\repository\org\openjfx\javafx-fxml\17.0.2\javafx-fxml-17.0.2-win.jar;C:\Users\ËÎ¿¡Èå\.m2\repository\org\openjfx\javafx-base\17.0.2\javafx-base-17.0.2-win.jar;C:\Users\ËÎ¿¡Èå\.m2\repository\org\openjfx\javafx-graphics\17.0.2\javafx-graphics-17.0.2-win.jar;C:\Users\ËÎ¿¡Èå\.m2\repository\com\google\code\gson\gson\2.8.6\gson-2.8.6.jar -Djdk.module.main=org.example.javafx org.example.javafx/org.example.javafx.MainApplication

Host: AMD Ryzen 7 5800H with Radeon Graphics         , 16 cores, 13G,  Windows 11 , 64 bit Build 22621 (10.0.22621.3527)
Time: Thu May 16 10:50:50 2024  Windows 11 , 64 bit Build 22621 (10.0.22621.3527) elapsed time: 51.303369 seconds (0d 0h 0m 51s)

---------------  T H R E A D  ---------------

Current thread (0x000001767f1bb6d0):  VMThread "VM Thread" [stack: 0x0000002d5cb00000,0x0000002d5cc00000] [id=20252]

Stack: [0x0000002d5cb00000,0x0000002d5cc00000],  sp=0x0000002d5cbfeda0,  free space=1019k
Native frames: (J=compiled Java code, j=interpreted, Vv=VM code, C=native code)
C  [glass.dll+0x26ab7]


siginfo: EXCEPTION_ACCESS_VIOLATION (0xc0000005), reading address 0x0000000000000000


Registers:
RAX=0x0000000000000000, RBX=0x0000017656002668, RCX=0x000001767f1bb6d0, RDX=0x0000002d5cbfeda0
RSP=0x0000002d5cbfeda0, RBP=0x0000017656d61d28, RSI=0x0000002d5cbfeea8, RDI=0x0000017656d61d00
R8 =0x0000000000010002, R9 =0x0000017656d61d00, R10=0x85f13e9656da4870, R11=0x0000002d5cbfed30
R12=0x00007fffed2a4384, R13=0x00007fff6c5cdee0, R14=0x00008b3b2140dce4, R15=0x0000017656d61d00
RIP=0x00007fffed2a6ab7, EFLAGS=0x0000000000010202


Register to memory mapping:

RIP=0x00007fffed2a6ab7 glass.dll
RAX=0x0 is NULL
RBX=0x0000017656002668 is a global jni handle
RCX=0x000001767f1bb6d0 points into unknown readable memory: 0x00007fff6c3fd8b8 | b8 d8 3f 6c ff 7f 00 00
RDX=0x0000002d5cbfeda0 points into unknown readable memory: 0x0000000000000000 | 00 00 00 00 00 00 00 00
RSP=0x0000002d5cbfeda0 points into unknown readable memory: 0x0000000000000000 | 00 00 00 00 00 00 00 00
RBP=0x0000017656d61d28 points into unknown readable memory: 0x00008b3b2140dce4 | e4 dc 40 21 3b 8b 00 00
RSI=0x0000002d5cbfeea8 points into unknown readable memory: 0x0000002d5cbfee90 | 90 ee bf 5c 2d 00 00 00
RDI=0x0000017656d61d00 points into unknown readable memory: 0xd2a362fb2147231a | 1a 23 47 21 fb 62 a3 d2
R8 =0x0000000000010002 is an unknown value
R9 =0x0000017656d61d00 points into unknown readable memory: 0xd2a362fb2147231a | 1a 23 47 21 fb 62 a3 d2
R10=0x85f13e9656da4870 is an unknown value
R11=0x0000002d5cbfed30 points into unknown readable memory: 0x0000017656d61d00 | 00 1d d6 56 76 01 00 00
R12=0x00007fffed2a4384 glass.dll
R13=0x00007fff6c5cdee0 jvm.dll
R14=0x00008b3b2140dce4 is an unknown value
R15=0x0000017656d61d00 points into unknown readable memory: 0xd2a362fb2147231a | 1a 23 47 21 fb 62 a3 d2


Top of Stack: (sp=0x0000002d5cbfeda0)
0x0000002d5cbfeda0:   0000000000000000 0000002d5cbfeea8
0x0000002d5cbfedb0:   00007fff6c5cdee0 00007fffed2a4384
0x0000002d5cbfedc0:   0000017656d61d08 00007ffffcce3a93
0x0000002d5cbfedd0:   0000017656d61d00 0000017600000000
0x0000002d5cbfede0:   0000017656d61d28 0000002d5cbfeea8
0x0000002d5cbfedf0:   fffffffffffffffe 0000000000000000
0x0000002d5cbfee00:   0000000000000001 00007fffed280000
0x0000002d5cbfee10:   0000002d5cbfee98 00007ffffccb042e
0x0000002d5cbfee20:   0000000000000000 0000002d5cbfeea8
0x0000002d5cbfee30:   0000002d5cbff190 0000000000000001
0x0000002d5cbfee40:   0000000000000001 00007ffffccadddd
0x0000002d5cbfee50:   0000000000000000 00007fffed2a3b7d
0x0000002d5cbfee60:   00007ffff8155ef0 0000002d5cbfee98
0x0000002d5cbfee70:   fffffffffffffffe 0000002d5cbfee60
0x0000002d5cbfee80:   0000000000000000 00007fffed2a4211
0x0000002d5cbfee90:   00007fffed2ba138 00007fff00000002
0x0000002d5cbfeea0:   0000000000000002 0000002d5cbfee90
0x0000002d5cbfeeb0:   0000000000000000 00007fffff8f8603
0x0000002d5cbfeec0:   0000000000000000 00007fffed2a4336
0x0000002d5cbfeed0:   0000000000000001 0000000000000001
0x0000002d5cbfeee0:   0000000000000001 0000000000000000
0x0000002d5cbfeef0:   0000000000000001 00007ffffc3f2223
0x0000002d5cbfef00:   00007fff00000001 0000000000000000
0x0000002d5cbfef10:   00007fffed280000 000000007ffe0384
0x0000002d5cbfef20:   0000000000000000 00007fffff8f869f
0x0000002d5cbfef30:   00007fffed280000 0000000000000000
0x0000002d5cbfef40:   0000000000000001 000000007ffe0385
0x0000002d5cbfef50:   00007fffffa07a20 00007fffb7dd1eb0
0x0000002d5cbfef60:   00004a9254b35a00 00007fffb7c90000
0x0000002d5cbfef70:   00007fffed2a4384 0000000000000000
0x0000002d5cbfef80:   0000000000000000 0000002d5c1f4000
0x0000002d5cbfef90:   0000017656bd0a70 00007fffff9210a6 

Instructions: (pc=0x00007fffed2a6ab7)
0x00007fffed2a69b7:   8b 4d 58 e8 01 cf ff ff 48 8b 4d 60 e8 f8 ce ff
0x00007fffed2a69c7:   ff 48 8b 95 80 00 00 00 48 8b 8d 18 01 00 00 e8
0x00007fffed2a69d7:   c6 c3 ff ff 33 d2 33 c9 e8 3c e1 ff ff 90 48 89
0x00007fffed2a69e7:   54 24 10 55 48 83 ec 20 48 8b ea 48 b8 00 00 00
0x00007fffed2a69f7:   00 00 00 00 00 48 83 c4 20 5d c3 cc 40 55 48 8b
0x00007fffed2a6a07:   ea 48 8b 01 33 c9 81 38 05 00 00 c0 0f 94 c1 8b
0x00007fffed2a6a17:   c1 5d c3 cc 40 55 48 83 ec 20 48 8b ea 8a 4d 40
0x00007fffed2a6a27:   48 83 c4 20 5d e9 f7 d2 ff ff cc 40 55 48 83 ec
0x00007fffed2a6a37:   20 48 8b ea 8a 4d 20 e8 e5 d2 ff ff 90 48 83 c4
0x00007fffed2a6a47:   20 5d c3 cc 40 55 48 83 ec 20 48 8b ea 48 83 c4
0x00007fffed2a6a57:   20 5d e9 46 d1 ff ff cc 40 55 48 83 ec 30 48 8b
0x00007fffed2a6a67:   ea 48 8b 01 8b 10 48 89 4c 24 28 89 54 24 20 4c
0x00007fffed2a6a77:   8d 0d e7 d5 ff ff 4c 8b 45 70 8b 55 68 48 8b 4d
0x00007fffed2a6a87:   60 e8 87 d0 ff ff 90 48 83 c4 30 5d c3 cc cc cc
0x00007fffed2a6a97:   cc cc cc cc cc cc cc cc cc 40 53 48 83 ec 20 48
0x00007fffed2a6aa7:   8b 1d 83 30 01 00 48 85 db 74 16 e8 09 8b ff ff
0x00007fffed2a6ab7:   4c 8b 00 48 8b d3 48 8b c8 41 ff 90 b0 00 00 00
0x00007fffed2a6ac7:   90 48 83 c4 20 5b c3 cc cc 40 53 48 83 ec 20 48
0x00007fffed2a6ad7:   8b 1d fb 31 01 00 48 85 db 74 57 b8 ff ff ff ff
0x00007fffed2a6ae7:   f0 0f c1 43 10 83 f8 01 75 3d 48 85 db 74 38 48
0x00007fffed2a6af7:   8b 0b 48 85 c9 74 0d ff 15 a4 07 00 00 48 c7 03
0x00007fffed2a6b07:   00 00 00 00 48 8b 4b 08 48 85 c9 74 0d e8 a7 cd
0x00007fffed2a6b17:   ff ff 48 c7 43 08 00 00 00 00 ba 18 00 00 00 48
0x00007fffed2a6b27:   8b cb e8 92 cd ff ff 48 c7 05 9f 31 01 00 00 00
0x00007fffed2a6b37:   00 00 48 83 c4 20 5b c3 cc 40 53 48 83 ec 20 48
0x00007fffed2a6b47:   8b 1d 6b 31 01 00 48 85 db 74 57 b8 ff ff ff ff
0x00007fffed2a6b57:   f0 0f c1 43 10 83 f8 01 75 3d 48 85 db 74 38 48
0x00007fffed2a6b67:   8b 0b 48 85 c9 74 0d ff 15 34 07 00 00 48 c7 03
0x00007fffed2a6b77:   00 00 00 00 48 8b 4b 08 48 85 c9 74 0d e8 37 cd
0x00007fffed2a6b87:   ff ff 48 c7 43 08 00 00 00 00 ba 18 00 00 00 48
0x00007fffed2a6b97:   8b cb e8 22 cd ff ff 48 c7 05 0f 31 01 00 00 00
0x00007fffed2a6ba7:   00 00 48 83 c4 20 5b c3 cc 40 53 48 83 ec 20 48 


Stack slot to memory mapping:
stack at sp + 0 slots: 0x0 is NULL
stack at sp + 1 slots: 0x0000002d5cbfeea8 points into unknown readable memory: 0x0000002d5cbfee90 | 90 ee bf 5c 2d 00 00 00
stack at sp + 2 slots: 0x00007fff6c5cdee0 jvm.dll
stack at sp + 3 slots: 0x00007fffed2a4384 glass.dll
stack at sp + 4 slots: 0x0000017656d61d08 points into unknown readable memory: 0x00008b3b2140dce4 | e4 dc 40 21 3b 8b 00 00
stack at sp + 5 slots: 0x00007ffffcce3a93 ucrtbase.dll
stack at sp + 6 slots: 0x0000017656d61d00 points into unknown readable memory: 0xd2a362fb2147231a | 1a 23 47 21 fb 62 a3 d2
stack at sp + 7 slots: 0x0000017600000000 points into unknown readable memory: 0x0000000000000007 | 07 00 00 00 00 00 00 00

VM_Operation (0x0000002d5d5fee20): Exit, mode: safepoint, requested by thread 0x0000017665cd9580


---------------  P R O C E S S  ---------------

Threads class SMR info:
_java_thread_list=0x0000017666183900, length=108, elements={
0x000001766e5525a0, 0x000001767f1bf270, 0x000001767f1bff00, 0x000001765600f960,
0x0000017656012340, 0x0000017656012c10, 0x0000017656013810, 0x0000017656019630,
0x0000017656035670, 0x00000176560c85e0, 0x00000176567a95e0, 0x0000017656c71a20,
0x0000017656e8f0e0, 0x0000017656e891e0, 0x0000017656d627a0, 0x0000017656d71210,
0x0000017656fc8ce0, 0x0000017657140aa0, 0x00000176573305e0, 0x0000017657332440,
0x0000017657331000, 0x0000017657331a20, 0x0000017657332950, 0x0000017657331510,
0x000001765732f1a0, 0x0000017657330af0, 0x000001765732f6b0, 0x00000176573300d0,
0x000001768cc4a4a0, 0x000001768cc4b3d0, 0x000001768cc4a9b0, 0x000001768cc49f90,
0x000001768cc4aec0, 0x000001768cc49570, 0x000001768cc4b8e0, 0x000001768cc4e160,
0x000001768cc4c300, 0x000001768cc4e670, 0x000001768cc48b50, 0x000001768cc4bdf0,
0x000001768cc4c810, 0x000001768cc4f090, 0x000001768cc4cd20, 0x000001768cc4eb80,
0x000001768cc4d230, 0x000001768cc4dc50, 0x000001768cc4ffc0, 0x000001768cc4f5a0,
0x000001768cc4fab0, 0x000001768cc504d0, 0x000001768cc49060, 0x000001768cc4d740,
0x000001768cc49a80, 0x000001768cbf84d0, 0x000001768cbf75a0, 0x000001768cbf6160,
0x000001768cbfad50, 0x000001768cbf6670, 0x000001768cbfbc80, 0x000001768cbfc190,
0x000001768cbf9400, 0x000001768cbf6b80, 0x000001768cbf7fc0, 0x000001768cbf9910,
0x000001768cbfb770, 0x000001768cbf9e20, 0x000001768cbf7ab0, 0x000001768cbfc6a0,
0x000001768cbf89e0, 0x000001768cbfb260, 0x000001768cbfcbb0, 0x000001768cbfa330,
0x000001768cbf7090, 0x000001768cbfa840, 0x000001768cbf8ef0, 0x000001768cbfd0c0,
0x000001768cbf5c50, 0x0000017665cf5160, 0x0000017665cf4230, 0x0000017665cef130,
0x0000017665cef640, 0x0000017665cf23d0, 0x0000017665cee200, 0x0000017665cf3300,
0x0000017665cf0570, 0x0000017665cf2df0, 0x0000017665cf4c50, 0x0000017665ceec20,
0x0000017665cf3810, 0x0000017665cefb50, 0x0000017665cf5670, 0x0000017665cf5b80,
0x0000017665cf28e0, 0x0000017665cf4740, 0x0000017665cf0060, 0x0000017665cf3d20,
0x0000017665cee710, 0x0000017665cf0a80, 0x0000017665cf0f90, 0x0000017665cf1ec0,
0x0000017665cf19b0, 0x0000017665cd62e0, 0x0000017665cd8650, 0x0000017665cd4ea0,
0x0000017665cd4990, 0x0000017665cd9070, 0x0000017665cd58c0, 0x0000017665cd9580
}

Java Threads: ( => current thread )
  0x000001766e5525a0 JavaThread "main" [_thread_blocked, id=20224, stack(0x0000002d5c500000,0x0000002d5c600000)]
  0x000001767f1bf270 JavaThread "Reference Handler" daemon [_thread_blocked, id=20256, stack(0x0000002d5cc00000,0x0000002d5cd00000)]
  0x000001767f1bff00 JavaThread "Finalizer" daemon [_thread_blocked, id=20260, stack(0x0000002d5cd00000,0x0000002d5ce00000)]
  0x000001765600f960 JavaThread "Attach Listener" daemon [_thread_blocked, id=20268, stack(0x0000002d5cf00000,0x0000002d5d000000)]
  0x0000017656012340 JavaThread "Service Thread" daemon [_thread_blocked, id=20272, stack(0x0000002d5d000000,0x0000002d5d100000)]
  0x0000017656012c10 JavaThread "Monitor Deflation Thread" daemon [_thread_blocked, id=20276, stack(0x0000002d5d100000,0x0000002d5d200000)]
  0x0000017656013810 JavaThread "C2 CompilerThread0" daemon [_thread_blocked, id=20280, stack(0x0000002d5d200000,0x0000002d5d300000)]
  0x0000017656019630 JavaThread "C1 CompilerThread0" daemon [_thread_blocked, id=20284, stack(0x0000002d5d300000,0x0000002d5d400000)]
  0x0000017656035670 JavaThread "Sweeper thread" daemon [_thread_blocked, id=20288, stack(0x0000002d5d400000,0x0000002d5d500000)]
  0x00000176560c85e0 JavaThread "Common-Cleaner" daemon [_thread_blocked, id=20308, stack(0x0000002d5d700000,0x0000002d5d800000)]
  0x00000176567a95e0 JavaThread "Monitor Ctrl-Break" daemon [_thread_in_native, id=20328, stack(0x0000002d5dc00000,0x0000002d5dd00000)]
  0x0000017656c71a20 JavaThread "Notification Thread" daemon [_thread_blocked, id=20332, stack(0x0000002d5dd00000,0x0000002d5de00000)]
  0x0000017656e8f0e0 JavaThread "QuantumRenderer-0" daemon [_thread_blocked, id=20360, stack(0x0000002d5df00000,0x0000002d5e000000)]
  0x0000017656e891e0 JavaThread "InvokeLaterDispatcher" daemon [_thread_blocked, id=20412, stack(0x0000002d5e200000,0x0000002d5e300000)]
  0x0000017656d627a0 JavaThread "JavaFX Application Thread" [_thread_in_native, id=20416, stack(0x0000002d5e300000,0x0000002d5e400000)]
  0x0000017656d71210 JavaThread "Thread-1" daemon [_thread_in_native, id=20476, stack(0x0000002d5ee00000,0x0000002d5ef00000)]
  0x0000017656fc8ce0 JavaThread "JavaFX-Launcher" [_thread_blocked, id=19500, stack(0x0000002d5ef00000,0x0000002d5f000000)]
  0x0000017657140aa0 JavaThread "Prism Font Disposer" daemon [_thread_blocked, id=18992, stack(0x0000002d5d900000,0x0000002d5da00000)]
  0x00000176573305e0 JavaThread "Cleaner-0" daemon [_thread_blocked, id=19616, stack(0x0000002d60000000,0x0000002d60100000)]
  0x0000017657332440 JavaThread "HttpClient-1-SelectorManager" daemon [_thread_blocked, id=19640, stack(0x0000002d60300000,0x0000002d60400000)]
  0x0000017657331000 JavaThread "HttpClient-1-Worker-0" daemon [_thread_blocked, id=19648, stack(0x0000002d60500000,0x0000002d60600000)]
  0x0000017657331a20 JavaThread "HttpClient-1-Worker-1" daemon [_thread_blocked, id=19612, stack(0x0000002d60600000,0x0000002d60700000)]
  0x0000017657332950 JavaThread "HttpClient-1-Worker-2" daemon [_thread_blocked, id=19588, stack(0x0000002d60700000,0x0000002d60800000)]
  0x0000017657331510 JavaThread "HttpClient-2-SelectorManager" daemon [_thread_blocked, id=10172, stack(0x0000002d60b00000,0x0000002d60c00000)]
  0x000001765732f1a0 JavaThread "HttpClient-2-Worker-0" daemon [_thread_blocked, id=19656, stack(0x0000002d60c00000,0x0000002d60d00000)]
  0x0000017657330af0 JavaThread "HttpClient-2-Worker-1" daemon [_thread_blocked, id=19568, stack(0x0000002d60d00000,0x0000002d60e00000)]
  0x000001765732f6b0 JavaThread "HttpClient-2-Worker-2" daemon [_thread_blocked, id=12172, stack(0x0000002d60e00000,0x0000002d60f00000)]
  0x00000176573300d0 JavaThread "HttpClient-3-SelectorManager" daemon [_thread_blocked, id=15220, stack(0x0000002d60f00000,0x0000002d61000000)]
  0x000001768cc4a4a0 JavaThread "HttpClient-3-Worker-0" daemon [_thread_blocked, id=14340, stack(0x0000002d61000000,0x0000002d61100000)]
  0x000001768cc4b3d0 JavaThread "HttpClient-3-Worker-1" daemon [_thread_blocked, id=19572, stack(0x0000002d61100000,0x0000002d61200000)]
  0x000001768cc4a9b0 JavaThread "HttpClient-3-Worker-2" daemon [_thread_blocked, id=17164, stack(0x0000002d61200000,0x0000002d61300000)]
  0x000001768cc49f90 JavaThread "HttpClient-4-SelectorManager" daemon [_thread_blocked, id=12584, stack(0x0000002d61300000,0x0000002d61400000)]
  0x000001768cc4aec0 JavaThread "HttpClient-4-Worker-0" daemon [_thread_blocked, id=12432, stack(0x0000002d61400000,0x0000002d61500000)]
  0x000001768cc49570 JavaThread "HttpClient-4-Worker-1" daemon [_thread_blocked, id=17904, stack(0x0000002d61500000,0x0000002d61600000)]
  0x000001768cc4b8e0 JavaThread "HttpClient-4-Worker-2" daemon [_thread_blocked, id=7412, stack(0x0000002d61600000,0x0000002d61700000)]
  0x000001768cc4e160 JavaThread "HttpClient-5-SelectorManager" daemon [_thread_blocked, id=4560, stack(0x0000002d61700000,0x0000002d61800000)]
  0x000001768cc4c300 JavaThread "HttpClient-5-Worker-0" daemon [_thread_blocked, id=16260, stack(0x0000002d61800000,0x0000002d61900000)]
  0x000001768cc4e670 JavaThread "HttpClient-5-Worker-1" daemon [_thread_blocked, id=6156, stack(0x0000002d61900000,0x0000002d61a00000)]
  0x000001768cc48b50 JavaThread "HttpClient-5-Worker-2" daemon [_thread_blocked, id=15144, stack(0x0000002d61a00000,0x0000002d61b00000)]
  0x000001768cc4bdf0 JavaThread "HttpClient-6-SelectorManager" daemon [_thread_in_native, id=4032, stack(0x0000002d61b00000,0x0000002d61c00000)]
  0x000001768cc4c810 JavaThread "HttpClient-6-Worker-0" daemon [_thread_blocked, id=10020, stack(0x0000002d61c00000,0x0000002d61d00000)]
  0x000001768cc4f090 JavaThread "HttpClient-6-Worker-1" daemon [_thread_blocked, id=10592, stack(0x0000002d61d00000,0x0000002d61e00000)]
  0x000001768cc4cd20 JavaThread "HttpClient-6-Worker-2" daemon [_thread_blocked, id=14864, stack(0x0000002d61e00000,0x0000002d61f00000)]
  0x000001768cc4eb80 JavaThread "HttpClient-7-SelectorManager" daemon [_thread_in_native, id=15100, stack(0x0000002d61f00000,0x0000002d62000000)]
  0x000001768cc4d230 JavaThread "HttpClient-7-Worker-0" daemon [_thread_blocked, id=11844, stack(0x0000002d62000000,0x0000002d62100000)]
  0x000001768cc4dc50 JavaThread "HttpClient-7-Worker-1" daemon [_thread_blocked, id=8376, stack(0x0000002d62100000,0x0000002d62200000)]
  0x000001768cc4ffc0 JavaThread "HttpClient-7-Worker-2" daemon [_thread_blocked, id=12220, stack(0x0000002d62200000,0x0000002d62300000)]
  0x000001768cc4f5a0 JavaThread "HttpClient-8-SelectorManager" daemon [_thread_in_native, id=8040, stack(0x0000002d62300000,0x0000002d62400000)]
  0x000001768cc4fab0 JavaThread "HttpClient-8-Worker-0" daemon [_thread_blocked, id=4496, stack(0x0000002d62400000,0x0000002d62500000)]
  0x000001768cc504d0 JavaThread "HttpClient-8-Worker-1" daemon [_thread_blocked, id=5368, stack(0x0000002d62500000,0x0000002d62600000)]
  0x000001768cc49060 JavaThread "HttpClient-8-Worker-2" daemon [_thread_blocked, id=784, stack(0x0000002d62600000,0x0000002d62700000)]
  0x000001768cc4d740 JavaThread "HttpClient-9-SelectorManager" daemon [_thread_in_native, id=17940, stack(0x0000002d62700000,0x0000002d62800000)]
  0x000001768cc49a80 JavaThread "HttpClient-9-Worker-0" daemon [_thread_blocked, id=18188, stack(0x0000002d62800000,0x0000002d62900000)]
  0x000001768cbf84d0 JavaThread "HttpClient-9-Worker-1" daemon [_thread_blocked, id=15704, stack(0x0000002d62900000,0x0000002d62a00000)]
  0x000001768cbf75a0 JavaThread "HttpClient-9-Worker-2" daemon [_thread_blocked, id=17088, stack(0x0000002d62a00000,0x0000002d62b00000)]
  0x000001768cbf6160 JavaThread "HttpClient-10-SelectorManager" daemon [_thread_in_native, id=5704, stack(0x0000002d62b00000,0x0000002d62c00000)]
  0x000001768cbfad50 JavaThread "HttpClient-10-Worker-0" daemon [_thread_blocked, id=3592, stack(0x0000002d62c00000,0x0000002d62d00000)]
  0x000001768cbf6670 JavaThread "HttpClient-10-Worker-1" daemon [_thread_blocked, id=220, stack(0x0000002d62d00000,0x0000002d62e00000)]
  0x000001768cbfbc80 JavaThread "HttpClient-10-Worker-2" daemon [_thread_blocked, id=11064, stack(0x0000002d62e00000,0x0000002d62f00000)]
  0x000001768cbfc190 JavaThread "HttpClient-11-SelectorManager" daemon [_thread_in_native, id=13080, stack(0x0000002d62f00000,0x0000002d63000000)]
  0x000001768cbf9400 JavaThread "HttpClient-11-Worker-0" daemon [_thread_blocked, id=15464, stack(0x0000002d63000000,0x0000002d63100000)]
  0x000001768cbf6b80 JavaThread "HttpClient-11-Worker-1" daemon [_thread_blocked, id=3428, stack(0x0000002d63100000,0x0000002d63200000)]
  0x000001768cbf7fc0 JavaThread "HttpClient-11-Worker-2" daemon [_thread_blocked, id=11032, stack(0x0000002d63200000,0x0000002d63300000)]
  0x000001768cbf9910 JavaThread "HttpClient-12-SelectorManager" daemon [_thread_in_native, id=14152, stack(0x0000002d63300000,0x0000002d63400000)]
  0x000001768cbfb770 JavaThread "HttpClient-12-Worker-0" daemon [_thread_blocked, id=3696, stack(0x0000002d63400000,0x0000002d63500000)]
  0x000001768cbf9e20 JavaThread "HttpClient-12-Worker-1" daemon [_thread_blocked, id=11204, stack(0x0000002d63500000,0x0000002d63600000)]
  0x000001768cbf7ab0 JavaThread "HttpClient-12-Worker-2" daemon [_thread_blocked, id=12880, stack(0x0000002d63600000,0x0000002d63700000)]
  0x000001768cbfc6a0 JavaThread "HttpClient-13-SelectorManager" daemon [_thread_in_native, id=6976, stack(0x0000002d63700000,0x0000002d63800000)]
  0x000001768cbf89e0 JavaThread "HttpClient-13-Worker-0" daemon [_thread_blocked, id=4168, stack(0x0000002d63800000,0x0000002d63900000)]
  0x000001768cbfb260 JavaThread "HttpClient-13-Worker-1" daemon [_thread_blocked, id=18192, stack(0x0000002d63900000,0x0000002d63a00000)]
  0x000001768cbfcbb0 JavaThread "HttpClient-13-Worker-2" daemon [_thread_blocked, id=18008, stack(0x0000002d63a00000,0x0000002d63b00000)]
  0x000001768cbfa330 JavaThread "HttpClient-14-SelectorManager" daemon [_thread_in_native, id=8076, stack(0x0000002d63b00000,0x0000002d63c00000)]
  0x000001768cbf7090 JavaThread "HttpClient-14-Worker-0" daemon [_thread_blocked, id=12120, stack(0x0000002d63c00000,0x0000002d63d00000)]
  0x000001768cbfa840 JavaThread "HttpClient-14-Worker-1" daemon [_thread_blocked, id=9160, stack(0x0000002d63d00000,0x0000002d63e00000)]
  0x000001768cbf8ef0 JavaThread "HttpClient-14-Worker-2" daemon [_thread_blocked, id=14948, stack(0x0000002d63e00000,0x0000002d63f00000)]
  0x000001768cbfd0c0 JavaThread "HttpClient-15-SelectorManager" daemon [_thread_in_native, id=2600, stack(0x0000002d63f00000,0x0000002d64000000)]
  0x000001768cbf5c50 JavaThread "HttpClient-15-Worker-0" daemon [_thread_blocked, id=11300, stack(0x0000002d64000000,0x0000002d64100000)]
  0x0000017665cf5160 JavaThread "HttpClient-15-Worker-1" daemon [_thread_blocked, id=6472, stack(0x0000002d64100000,0x0000002d64200000)]
  0x0000017665cf4230 JavaThread "HttpClient-15-Worker-2" daemon [_thread_blocked, id=9848, stack(0x0000002d64200000,0x0000002d64300000)]
  0x0000017665cef130 JavaThread "HttpClient-16-SelectorManager" daemon [_thread_in_native, id=2172, stack(0x0000002d64300000,0x0000002d64400000)]
  0x0000017665cef640 JavaThread "HttpClient-16-Worker-0" daemon [_thread_blocked, id=10180, stack(0x0000002d64400000,0x0000002d64500000)]
  0x0000017665cf23d0 JavaThread "HttpClient-16-Worker-1" daemon [_thread_blocked, id=14788, stack(0x0000002d64500000,0x0000002d64600000)]
  0x0000017665cee200 JavaThread "HttpClient-16-Worker-2" daemon [_thread_blocked, id=9208, stack(0x0000002d64600000,0x0000002d64700000)]
  0x0000017665cf3300 JavaThread "HttpClient-17-SelectorManager" daemon [_thread_in_native, id=14072, stack(0x0000002d64700000,0x0000002d64800000)]
  0x0000017665cf0570 JavaThread "HttpClient-17-Worker-0" daemon [_thread_blocked, id=18236, stack(0x0000002d64800000,0x0000002d64900000)]
  0x0000017665cf2df0 JavaThread "HttpClient-17-Worker-1" daemon [_thread_blocked, id=2908, stack(0x0000002d64900000,0x0000002d64a00000)]
  0x0000017665cf4c50 JavaThread "HttpClient-17-Worker-2" daemon [_thread_blocked, id=7572, stack(0x0000002d64a00000,0x0000002d64b00000)]
  0x0000017665ceec20 JavaThread "HttpClient-18-SelectorManager" daemon [_thread_in_native, id=17024, stack(0x0000002d64b00000,0x0000002d64c00000)]
  0x0000017665cf3810 JavaThread "HttpClient-18-Worker-0" daemon [_thread_blocked, id=18084, stack(0x0000002d64c00000,0x0000002d64d00000)]
  0x0000017665cefb50 JavaThread "HttpClient-18-Worker-1" daemon [_thread_blocked, id=12988, stack(0x0000002d64d00000,0x0000002d64e00000)]
  0x0000017665cf5670 JavaThread "HttpClient-18-Worker-2" daemon [_thread_blocked, id=12592, stack(0x0000002d64e00000,0x0000002d64f00000)]
  0x0000017665cf5b80 JavaThread "HttpClient-19-SelectorManager" daemon [_thread_in_native, id=14692, stack(0x0000002d64f00000,0x0000002d65000000)]
  0x0000017665cf28e0 JavaThread "HttpClient-19-Worker-0" daemon [_thread_blocked, id=2044, stack(0x0000002d65000000,0x0000002d65100000)]
  0x0000017665cf4740 JavaThread "HttpClient-19-Worker-1" daemon [_thread_blocked, id=10804, stack(0x0000002d65100000,0x0000002d65200000)]
  0x0000017665cf0060 JavaThread "HttpClient-19-Worker-2" daemon [_thread_blocked, id=11020, stack(0x0000002d65200000,0x0000002d65300000)]
  0x0000017665cf3d20 JavaThread "HttpClient-20-SelectorManager" daemon [_thread_in_native, id=12292, stack(0x0000002d65600000,0x0000002d65700000)]
  0x0000017665cee710 JavaThread "HttpClient-20-Worker-0" daemon [_thread_blocked, id=17172, stack(0x0000002d65700000,0x0000002d65800000)]
  0x0000017665cf0a80 JavaThread "HttpClient-20-Worker-1" daemon [_thread_blocked, id=6888, stack(0x0000002d65800000,0x0000002d65900000)]
  0x0000017665cf0f90 JavaThread "HttpClient-20-Worker-2" daemon [_thread_blocked, id=10296, stack(0x0000002d65900000,0x0000002d65a00000)]
  0x0000017665cf1ec0 JavaThread "HttpClient-21-SelectorManager" daemon [_thread_in_native, id=19692, stack(0x0000002d5d600000,0x0000002d5d700000)]
  0x0000017665cf19b0 JavaThread "HttpClient-21-Worker-0" daemon [_thread_blocked, id=19788, stack(0x0000002d5d800000,0x0000002d5d900000)]
  0x0000017665cd62e0 JavaThread "HttpClient-21-Worker-1" daemon [_thread_blocked, id=19972, stack(0x0000002d60a00000,0x0000002d60b00000)]
  0x0000017665cd8650 JavaThread "HttpClient-21-Worker-2" daemon [_thread_blocked, id=19756, stack(0x0000002d65300000,0x0000002d65400000)]
  0x0000017665cd4ea0 JavaThread "HttpClient-22-SelectorManager" daemon [_thread_in_native, id=14768, stack(0x0000002d5fb00000,0x0000002d5fc00000)]
  0x0000017665cd4990 JavaThread "HttpClient-22-Worker-0" daemon [_thread_blocked, id=19700, stack(0x0000002d65400000,0x0000002d65500000)]
  0x0000017665cd9070 JavaThread "HttpClient-22-Worker-1" daemon [_thread_blocked, id=19976, stack(0x0000002d65500000,0x0000002d65600000)]
  0x0000017665cd58c0 JavaThread "HttpClient-22-Worker-2" daemon [_thread_blocked, id=16252, stack(0x0000002d65a00000,0x0000002d65b00000)]
  0x0000017665cd9580 JavaThread "SIGINT handler" daemon [_thread_blocked, id=19732, stack(0x0000002d5d500000,0x0000002d5d600000)]

Other Threads:
=>0x000001767f1bb6d0 VMThread "VM Thread" [stack: 0x0000002d5cb00000,0x0000002d5cc00000] [id=20252]
  0x000001766e5b0ea0 GCTaskThread "GC Thread#0" [stack: 0x0000002d5c600000,0x0000002d5c700000] [id=20232]
  0x0000017656fd0a00 GCTaskThread "GC Thread#1" [stack: 0x0000002d5f000000,0x0000002d5f100000] [id=19380]
  0x0000017656fd0cc0 GCTaskThread "GC Thread#2" [stack: 0x0000002d5f100000,0x0000002d5f200000] [id=19372]
  0x0000017656fd0f80 GCTaskThread "GC Thread#3" [stack: 0x0000002d5f200000,0x0000002d5f300000] [id=19340]
  0x0000017656fb9950 GCTaskThread "GC Thread#4" [stack: 0x0000002d5f300000,0x0000002d5f400000] [id=19536]
  0x0000017656fb9c10 GCTaskThread "GC Thread#5" [stack: 0x0000002d5f400000,0x0000002d5f500000] [id=19384]
  0x0000017665baa990 GCTaskThread "GC Thread#6" [stack: 0x0000002d5da00000,0x0000002d5db00000] [id=15200]
  0x0000017665c069a0 GCTaskThread "GC Thread#7" [stack: 0x0000002d5db00000,0x0000002d5dc00000] [id=6636]
  0x0000017665c06c60 GCTaskThread "GC Thread#8" [stack: 0x0000002d5fa00000,0x0000002d5fb00000] [id=19604]
  0x000001765772eb00 GCTaskThread "GC Thread#9" [stack: 0x0000002d5fc00000,0x0000002d5fd00000] [id=19608]
  0x000001765772f9e0 GCTaskThread "GC Thread#10" [stack: 0x0000002d5fd00000,0x0000002d5fe00000] [id=19600]
  0x000001765772fca0 GCTaskThread "GC Thread#11" [stack: 0x0000002d5fe00000,0x0000002d5ff00000] [id=19628]
  0x000001765772ff60 GCTaskThread "GC Thread#12" [stack: 0x0000002d5ff00000,0x0000002d60000000] [id=19632]
  0x000001766e5bfbb0 ConcurrentGCThread "G1 Main Marker" terminated
  0x000001766e5c0d70 ConcurrentGCThread "G1 Conc#0" [stack: 0x0000002d5c800000,0x0000002d5c900000] [id=20240]
  0x0000017665db5340 ConcurrentGCThread "G1 Conc#1" [stack: 0x0000002d60800000,0x0000002d60900000] [id=19596]
  0x0000017665db5b80 ConcurrentGCThread "G1 Conc#2" [stack: 0x0000002d60900000,0x0000002d60a00000] [id=19644]
  0x000001767f076410 ConcurrentGCThread "G1 Refine#0" terminated
  0x000001766e5fb7e0 ConcurrentGCThread "G1 Service" terminated

Threads with active compile tasks:

VM state: at safepoint (shutting down)

VM Mutex/Monitor currently owned by a thread:  ([mutex/lock_event])
[0x000001766e54ea40] Threads_lock - owner thread: 0x000001767f1bb6d0
[0x000001766e54d180] Heap_lock - owner thread: 0x0000017665cd9580

Heap address: 0x0000000722400000, size: 3548 MB, Compressed Oops mode: Zero based, Oop shift amount: 3

CDS archive(s) mapped at: [0x0000017611000000-0x0000017611bb0000-0x0000017611bb0000), size 12255232, SharedBaseAddress: 0x0000017611000000, ArchiveRelocationMode: 1.
Compressed class space mapped at: 0x0000017612000000-0x0000017652000000, reserved size: 1073741824
Narrow klass base: 0x0000017611000000, Narrow klass shift: 0, Narrow klass range: 0x100000000

GC Precious Log:
 CPUs: 16 total, 16 available
 Memory: 14188M
 Large Page Support: Disabled
 NUMA Support: Disabled
 Compressed Oops: Enabled (Zero based)
 Heap Region Size: 2M
 Heap Min Capacity: 8M
 Heap Initial Capacity: 222M
 Heap Max Capacity: 3548M
 Pre-touch: Disabled
 Parallel Workers: 13
 Concurrent Workers: 3
 Concurrent Refinement Workers: 13
 Periodic GC: Disabled

Heap:
 garbage-first heap   total 172032K, used 136335K [0x0000000722400000, 0x0000000800000000)
  region size 2048K, 48 young (98304K), 4 survivors (8192K)
 Metaspace       used 27318K, committed 27648K, reserved 1114112K
  class space    used 3716K, committed 3904K, reserved 1048576K

Heap Regions: E=young(eden), S=young(survivor), O=old, HS=humongous(starts), HC=humongous(continues), CS=collection set, F=free, OA=open archive, CA=closed archive, TAMS=top-at-mark-start (previous, next)
|   0|0x0000000722400000, 0x0000000722600000, 0x0000000722600000|100%|HS|  |TAMS 0x0000000722600000, 0x0000000722400000| Complete 
|   1|0x0000000722600000, 0x0000000722800000, 0x0000000722800000|100%|HC|  |TAMS 0x0000000722800000, 0x0000000722600000| Complete 
|   2|0x0000000722800000, 0x0000000722a00000, 0x0000000722a00000|100%|HC|  |TAMS 0x0000000722a00000, 0x0000000722800000| Complete 
|   3|0x0000000722a00000, 0x0000000722c00000, 0x0000000722c00000|100%|HC|  |TAMS 0x0000000722c00000, 0x0000000722a00000| Complete 
|   4|0x0000000722c00000, 0x0000000722e00000, 0x0000000722e00000|100%|HC|  |TAMS 0x0000000722e00000, 0x0000000722c00000| Complete 
|   5|0x0000000722e00000, 0x0000000723000000, 0x0000000723000000|100%|HC|  |TAMS 0x0000000723000000, 0x0000000722e00000| Complete 
|   6|0x0000000723000000, 0x0000000723200000, 0x0000000723200000|100%|HC|  |TAMS 0x0000000723200000, 0x0000000723000000| Complete 
|   7|0x0000000723200000, 0x0000000723400000, 0x0000000723400000|100%|HC|  |TAMS 0x0000000723400000, 0x0000000723200000| Complete 
|   8|0x0000000723400000, 0x0000000723600000, 0x0000000723600000|100%|HC|  |TAMS 0x0000000723600000, 0x0000000723400000| Complete 
|   9|0x0000000723600000, 0x0000000723800000, 0x0000000723800000|100%|HC|  |TAMS 0x0000000723800000, 0x0000000723600000| Complete 
|  10|0x0000000723800000, 0x0000000723a00000, 0x0000000723a00000|100%|HC|  |TAMS 0x0000000723a00000, 0x0000000723800000| Complete 
|  11|0x0000000723a00000, 0x0000000723c00000, 0x0000000723c00000|100%|HC|  |TAMS 0x0000000723c00000, 0x0000000723a00000| Complete 
|  12|0x0000000723c00000, 0x0000000723e00000, 0x0000000723e00000|100%|HC|  |TAMS 0x0000000723e00000, 0x0000000723c00000| Complete 
|  13|0x0000000723e00000, 0x0000000724000000, 0x0000000724000000|100%|HC|  |TAMS 0x0000000724000000, 0x0000000723e00000| Complete 
|  14|0x0000000724000000, 0x0000000724200000, 0x0000000724200000|100%|HC|  |TAMS 0x0000000724200000, 0x0000000724000000| Complete 
|  15|0x0000000724200000, 0x0000000724400000, 0x0000000724400000|100%|HC|  |TAMS 0x0000000724400000, 0x0000000724200000| Complete 
|  16|0x0000000724400000, 0x0000000724600000, 0x0000000724600000|100%|HC|  |TAMS 0x0000000724600000, 0x0000000724400000| Complete 
|  17|0x0000000724600000, 0x0000000724800000, 0x0000000724800000|100%| O|  |TAMS 0x0000000724800000, 0x0000000724600000| Untracked 
|  18|0x0000000724800000, 0x000000072496aa00, 0x0000000724a00000| 70%| O|  |TAMS 0x000000072496aa00, 0x0000000724800000| Untracked 
|  19|0x0000000724a00000, 0x0000000724c00000, 0x0000000724c00000|100%|HS|  |TAMS 0x0000000724c00000, 0x0000000724a00000| Complete 
|  20|0x0000000724c00000, 0x0000000724c00000, 0x0000000724e00000|  0%| F|  |TAMS 0x0000000724c00000, 0x0000000724c00000| Untracked 
|  21|0x0000000724e00000, 0x0000000724e00000, 0x0000000725000000|  0%| F|  |TAMS 0x0000000724e00000, 0x0000000724e00000| Untracked 
|  22|0x0000000725000000, 0x0000000725000000, 0x0000000725200000|  0%| F|  |TAMS 0x0000000725000000, 0x0000000725000000| Untracked 
|  23|0x0000000725200000, 0x0000000725200000, 0x0000000725400000|  0%| F|  |TAMS 0x0000000725200000, 0x0000000725200000| Untracked 
|  24|0x0000000725400000, 0x0000000725400000, 0x0000000725600000|  0%| F|  |TAMS 0x0000000725400000, 0x0000000725400000| Untracked 
|  25|0x0000000725600000, 0x0000000725600000, 0x0000000725800000|  0%| F|  |TAMS 0x0000000725600000, 0x0000000725600000| Untracked 
|  26|0x0000000725800000, 0x0000000725800000, 0x0000000725a00000|  0%| F|  |TAMS 0x0000000725800000, 0x0000000725800000| Untracked 
|  27|0x0000000725a00000, 0x0000000725a00000, 0x0000000725c00000|  0%| F|  |TAMS 0x0000000725a00000, 0x0000000725a00000| Untracked 
|  28|0x0000000725c00000, 0x0000000725c00000, 0x0000000725e00000|  0%| F|  |TAMS 0x0000000725c00000, 0x0000000725c00000| Untracked 
|  29|0x0000000725e00000, 0x0000000725e00000, 0x0000000726000000|  0%| F|  |TAMS 0x0000000725e00000, 0x0000000725e00000| Untracked 
|  30|0x0000000726000000, 0x0000000726000000, 0x0000000726200000|  0%| F|  |TAMS 0x0000000726000000, 0x0000000726000000| Untracked 
|  31|0x0000000726200000, 0x0000000726200000, 0x0000000726400000|  0%| F|  |TAMS 0x0000000726200000, 0x0000000726200000| Untracked 
|  32|0x0000000726400000, 0x0000000726400000, 0x0000000726600000|  0%| F|  |TAMS 0x0000000726400000, 0x0000000726400000| Untracked 
|  33|0x0000000726600000, 0x0000000726600000, 0x0000000726800000|  0%| F|  |TAMS 0x0000000726600000, 0x0000000726600000| Untracked 
|  34|0x0000000726800000, 0x0000000726800000, 0x0000000726a00000|  0%| F|  |TAMS 0x0000000726800000, 0x0000000726800000| Untracked 
|  35|0x0000000726a00000, 0x0000000726a00000, 0x0000000726c00000|  0%| F|  |TAMS 0x0000000726a00000, 0x0000000726a00000| Untracked 
|  36|0x0000000726c00000, 0x0000000726c9d880, 0x0000000726e00000| 30%| E|  |TAMS 0x0000000726c00000, 0x0000000726c00000| Complete 
|  37|0x0000000726e00000, 0x0000000727000000, 0x0000000727000000|100%| E|CS|TAMS 0x0000000726e00000, 0x0000000726e00000| Complete 
|  38|0x0000000727000000, 0x0000000727200000, 0x0000000727200000|100%| E|CS|TAMS 0x0000000727000000, 0x0000000727000000| Complete 
|  39|0x0000000727200000, 0x0000000727400000, 0x0000000727400000|100%| E|CS|TAMS 0x0000000727200000, 0x0000000727200000| Complete 
|  40|0x0000000727400000, 0x0000000727600000, 0x0000000727600000|100%| E|CS|TAMS 0x0000000727400000, 0x0000000727400000| Complete 
|  41|0x0000000727600000, 0x0000000727800000, 0x0000000727800000|100%| E|CS|TAMS 0x0000000727600000, 0x0000000727600000| Complete 
|  42|0x0000000727800000, 0x0000000727a00000, 0x0000000727a00000|100%| E|CS|TAMS 0x0000000727800000, 0x0000000727800000| Complete 
|  43|0x0000000727a00000, 0x0000000727c00000, 0x0000000727c00000|100%| E|CS|TAMS 0x0000000727a00000, 0x0000000727a00000| Complete 
|  44|0x0000000727c00000, 0x0000000727e00000, 0x0000000727e00000|100%| E|CS|TAMS 0x0000000727c00000, 0x0000000727c00000| Complete 
|  45|0x0000000727e00000, 0x0000000728000000, 0x0000000728000000|100%| E|CS|TAMS 0x0000000727e00000, 0x0000000727e00000| Complete 
|  46|0x0000000728000000, 0x0000000728200000, 0x0000000728200000|100%| E|CS|TAMS 0x0000000728000000, 0x0000000728000000| Complete 
|  47|0x0000000728200000, 0x0000000728400000, 0x0000000728400000|100%| E|CS|TAMS 0x0000000728200000, 0x0000000728200000| Complete 
|  48|0x0000000728400000, 0x0000000728600000, 0x0000000728600000|100%| E|CS|TAMS 0x0000000728400000, 0x0000000728400000| Complete 
|  49|0x0000000728600000, 0x0000000728800000, 0x0000000728800000|100%| E|CS|TAMS 0x0000000728600000, 0x0000000728600000| Complete 
|  50|0x0000000728800000, 0x0000000728a00000, 0x0000000728a00000|100%| E|CS|TAMS 0x0000000728800000, 0x0000000728800000| Complete 
|  51|0x0000000728a00000, 0x0000000728c00000, 0x0000000728c00000|100%| E|CS|TAMS 0x0000000728a00000, 0x0000000728a00000| Complete 
|  52|0x0000000728c00000, 0x0000000728e00000, 0x0000000728e00000|100%| E|CS|TAMS 0x0000000728c00000, 0x0000000728c00000| Complete 
|  53|0x0000000728e00000, 0x0000000729000000, 0x0000000729000000|100%| E|CS|TAMS 0x0000000728e00000, 0x0000000728e00000| Complete 
|  54|0x0000000729000000, 0x0000000729200000, 0x0000000729200000|100%| E|CS|TAMS 0x0000000729000000, 0x0000000729000000| Complete 
|  55|0x0000000729200000, 0x0000000729400000, 0x0000000729400000|100%| E|CS|TAMS 0x0000000729200000, 0x0000000729200000| Complete 
|  56|0x0000000729400000, 0x0000000729600000, 0x0000000729600000|100%| E|CS|TAMS 0x0000000729400000, 0x0000000729400000| Complete 
|  57|0x0000000729600000, 0x0000000729800000, 0x0000000729800000|100%| E|CS|TAMS 0x0000000729600000, 0x0000000729600000| Complete 
|  58|0x0000000729800000, 0x0000000729a00000, 0x0000000729a00000|100%| E|CS|TAMS 0x0000000729800000, 0x0000000729800000| Complete 
|  59|0x0000000729a00000, 0x0000000729c00000, 0x0000000729c00000|100%| E|CS|TAMS 0x0000000729a00000, 0x0000000729a00000| Complete 
|  60|0x0000000729c00000, 0x0000000729e00000, 0x0000000729e00000|100%| E|CS|TAMS 0x0000000729c00000, 0x0000000729c00000| Complete 
|  61|0x0000000729e00000, 0x000000072a000000, 0x000000072a000000|100%| E|CS|TAMS 0x0000000729e00000, 0x0000000729e00000| Complete 
|  62|0x000000072a000000, 0x000000072a200000, 0x000000072a200000|100%| E|CS|TAMS 0x000000072a000000, 0x000000072a000000| Complete 
|  63|0x000000072a200000, 0x000000072a400000, 0x000000072a400000|100%| E|CS|TAMS 0x000000072a200000, 0x000000072a200000| Complete 
|  64|0x000000072a400000, 0x000000072a600000, 0x000000072a600000|100%| E|CS|TAMS 0x000000072a400000, 0x000000072a400000| Complete 
|  65|0x000000072a600000, 0x000000072a800000, 0x000000072a800000|100%| E|CS|TAMS 0x000000072a600000, 0x000000072a600000| Complete 
|  66|0x000000072a800000, 0x000000072aa00000, 0x000000072aa00000|100%| E|CS|TAMS 0x000000072a800000, 0x000000072a800000| Complete 
|  67|0x000000072aa00000, 0x000000072ac00000, 0x000000072ac00000|100%| E|CS|TAMS 0x000000072aa00000, 0x000000072aa00000| Complete 
|  68|0x000000072ac00000, 0x000000072ae00000, 0x000000072ae00000|100%| E|CS|TAMS 0x000000072ac00000, 0x000000072ac00000| Complete 
|  69|0x000000072ae00000, 0x000000072b000000, 0x000000072b000000|100%| E|CS|TAMS 0x000000072ae00000, 0x000000072ae00000| Complete 
|  70|0x000000072b000000, 0x000000072b200000, 0x000000072b200000|100%| E|CS|TAMS 0x000000072b000000, 0x000000072b000000| Complete 
|  71|0x000000072b200000, 0x000000072b400000, 0x000000072b400000|100%| E|CS|TAMS 0x000000072b200000, 0x000000072b200000| Complete 
|  72|0x000000072b400000, 0x000000072b600000, 0x000000072b600000|100%| E|CS|TAMS 0x000000072b400000, 0x000000072b400000| Complete 
|  73|0x000000072b600000, 0x000000072b800000, 0x000000072b800000|100%| E|CS|TAMS 0x000000072b600000, 0x000000072b600000| Complete 
|  74|0x000000072b800000, 0x000000072ba00000, 0x000000072ba00000|100%| E|CS|TAMS 0x000000072b800000, 0x000000072b800000| Complete 
|  75|0x000000072ba00000, 0x000000072bc00000, 0x000000072bc00000|100%| E|CS|TAMS 0x000000072ba00000, 0x000000072ba00000| Complete 
|  76|0x000000072bc00000, 0x000000072be00000, 0x000000072be00000|100%| E|CS|TAMS 0x000000072bc00000, 0x000000072bc00000| Complete 
|  77|0x000000072be00000, 0x000000072c000000, 0x000000072c000000|100%| E|CS|TAMS 0x000000072be00000, 0x000000072be00000| Complete 
|  78|0x000000072c000000, 0x000000072c200000, 0x000000072c200000|100%| E|CS|TAMS 0x000000072c000000, 0x000000072c000000| Complete 
|  89|0x000000072d600000, 0x000000072d7b9480, 0x000000072d800000| 86%| S|CS|TAMS 0x000000072d600000, 0x000000072d600000| Complete 
|  93|0x000000072de00000, 0x000000072e000000, 0x000000072e000000|100%| S|CS|TAMS 0x000000072de00000, 0x000000072de00000| Complete 
|  94|0x000000072e000000, 0x000000072e200000, 0x000000072e200000|100%| S|CS|TAMS 0x000000072e000000, 0x000000072e000000| Complete 
|  95|0x000000072e200000, 0x000000072e400000, 0x000000072e400000|100%| S|CS|TAMS 0x000000072e200000, 0x000000072e200000| Complete 
| 110|0x0000000730000000, 0x0000000730200000, 0x0000000730200000|100%| E|CS|TAMS 0x0000000730000000, 0x0000000730000000| Complete 

Card table byte_map: [0x0000017676fe0000,0x00000176776d0000] _byte_map_base: 0x00000176736ce000

Marking Bits (Prev, Next): (CMBitMap*) 0x000001766e5b1500, (CMBitMap*) 0x000001766e5b14c0
 Prev Bits: [0x000001767b530000, 0x000001767eca0000)
 Next Bits: [0x0000017677dc0000, 0x000001767b530000)

Polling page: 0x000001766c490000

Metaspace:

Usage:
  Non-class:     23.05 MB used.
      Class:      3.63 MB used.
       Both:     26.68 MB used.

Virtual space:
  Non-class space:       64.00 MB reserved,      23.19 MB ( 36%) committed,  1 nodes.
      Class space:        1.00 GB reserved,       3.81 MB ( <1%) committed,  1 nodes.
             Both:        1.06 GB reserved,      27.00 MB (  2%) committed. 

Chunk freelists:
   Non-Class:  8.50 MB
       Class:  12.17 MB
        Both:  20.67 MB

MaxMetaspaceSize: unlimited
CompressedClassSpaceSize: 1.00 GB
Initial GC threshold: 21.00 MB
Current GC threshold: 35.12 MB
CDS: on
MetaspaceReclaimPolicy: balanced
 - commit_granule_bytes: 65536.
 - commit_granule_words: 8192.
 - virtual_space_node_default_size: 8388608.
 - enlarge_chunks_in_place: 1.
 - new_chunks_are_fully_committed: 0.
 - uncommit_free_chunks: 1.
 - use_allocation_guard: 0.
 - handle_deallocations: 1.


Internal statistics:

num_allocs_failed_limit: 3.
num_arena_births: 416.
num_arena_deaths: 0.
num_vsnodes_births: 2.
num_vsnodes_deaths: 0.
num_space_committed: 432.
num_space_uncommitted: 0.
num_chunks_returned_to_freelist: 3.
num_chunks_taken_from_freelist: 1316.
num_chunk_merges: 3.
num_chunk_splits: 848.
num_chunks_enlarged: 591.
num_inconsistent_stats: 0.

CodeHeap 'non-profiled nmethods': size=119168Kb used=2876Kb max_used=2876Kb free=116291Kb
 bounds [0x0000017607ba0000, 0x0000017607e70000, 0x000001760f000000]
CodeHeap 'profiled nmethods': size=119104Kb used=13189Kb max_used=13189Kb free=105914Kb
 bounds [0x0000017600000000, 0x0000017600cf0000, 0x0000017607450000]
CodeHeap 'non-nmethods': size=7488Kb used=1481Kb max_used=3230Kb free=6006Kb
 bounds [0x0000017607450000, 0x0000017607780000, 0x0000017607ba0000]
 total_blobs=6828 nmethods=5973 adapters=767
 compilation: enabled
              stopped_count=0, restarted_count=0
 full_count=0

Compilation events (20 events):
Event: 36.329 Thread 0x0000017656019630 5969   !   3       jdk.internal.net.http.ConnectionPool::purgeExpiredConnectionsAndReturnNextDeadline (187 bytes)
Event: 36.331 Thread 0x0000017656019630 nmethod 5969 0x0000017600cd9390 code [0x0000017600cd9700, 0x0000017600cdaf88]
Event: 36.954 Thread 0x0000017656019630 5970   !   3       java.time.Instant::from (90 bytes)
Event: 36.956 Thread 0x0000017656019630 nmethod 5970 0x0000017600cdba90 code [0x0000017600cdbda0, 0x0000017600cdcdf8]
Event: 38.955 Thread 0x0000017656019630 5971       3       java.lang.Long::compare (22 bytes)
Event: 38.955 Thread 0x0000017656019630 nmethod 5971 0x0000017600cdd390 code [0x0000017600cdd540, 0x0000017600cdd738]
Event: 39.033 Thread 0x0000017656019630 5972       3       java.time.Instant::compareTo (28 bytes)
Event: 39.033 Thread 0x0000017656019630 nmethod 5972 0x0000017600cdd810 code [0x0000017600cdd9c0, 0x0000017600cddc58]
Event: 39.094 Thread 0x0000017656019630 5973       3       java.time.Instant::isAfter (14 bytes)
Event: 39.094 Thread 0x0000017656019630 nmethod 5973 0x0000017600cddd90 code [0x0000017600cddf40, 0x0000017600cde0e8]
Event: 39.232 Thread 0x0000017656019630 5974       3       java.lang.Math::subtractExact (31 bytes)
Event: 39.233 Thread 0x0000017656019630 nmethod 5974 0x0000017600cde190 code [0x0000017600cde340, 0x0000017600cde548]
Event: 42.378 Thread 0x0000017656019630 5975       3       java.time.Clock::currentInstant (84 bytes)
Event: 42.379 Thread 0x0000017656019630 nmethod 5975 0x0000017600cde610 code [0x0000017600cde880, 0x0000017600cdf0d8]
Event: 42.410 Thread 0x0000017656019630 5976       3       java.time.Instant::until (183 bytes)
Event: 42.411 Thread 0x0000017656019630 nmethod 5976 0x0000017600cdf410 code [0x0000017600cdf780, 0x0000017600ce0868]
Event: 48.502 Thread 0x0000017656019630 5977       3       java.util.LinkedList$ListItr::previous (70 bytes)
Event: 48.503 Thread 0x0000017656019630 nmethod 5977 0x0000017600ce0d90 code [0x0000017600ce0f80, 0x0000017600ce1518]
Event: 50.703 Thread 0x0000017656019630 5978       1       java.util.logging.Logger::getName (5 bytes)
Event: 50.703 Thread 0x0000017656019630 nmethod 5978 0x0000017607e6ed90 code [0x0000017607e6ef20, 0x0000017607e6eff8]

GC Heap History (6 events):
Event: 0.765 GC heap before
{Heap before GC invocations=0 (full 0):
 garbage-first heap   total 227328K, used 20480K [0x0000000722400000, 0x0000000800000000)
  region size 2048K, 11 young (22528K), 0 survivors (0K)
 Metaspace       used 4587K, committed 4800K, reserved 1114112K
  class space    used 491K, committed 576K, reserved 1048576K
}
Event: 0.767 GC heap after
{Heap after GC invocations=1 (full 0):
 garbage-first heap   total 227328K, used 3402K [0x0000000722400000, 0x0000000800000000)
  region size 2048K, 2 young (4096K), 2 survivors (4096K)
 Metaspace       used 4587K, committed 4800K, reserved 1114112K
  class space    used 491K, committed 576K, reserved 1048576K
}
Event: 1.559 GC heap before
{Heap before GC invocations=1 (full 0):
 garbage-first heap   total 227328K, used 70986K [0x0000000722400000, 0x0000000800000000)
  region size 2048K, 18 young (36864K), 2 survivors (4096K)
 Metaspace       used 12627K, committed 12864K, reserved 1114112K
  class space    used 1747K, committed 1856K, reserved 1048576K
}
Event: 1.564 GC heap after
{Heap after GC invocations=2 (full 0):
 garbage-first heap   total 227328K, used 42597K [0x0000000722400000, 0x0000000800000000)
  region size 2048K, 3 young (6144K), 3 survivors (6144K)
 Metaspace       used 12627K, committed 12864K, reserved 1114112K
  class space    used 1747K, committed 1856K, reserved 1048576K
}
Event: 2.843 GC heap before
{Heap before GC invocations=2 (full 0):
 garbage-first heap   total 227328K, used 73317K [0x0000000722400000, 0x0000000800000000)
  region size 2048K, 18 young (36864K), 3 survivors (6144K)
 Metaspace       used 21177K, committed 21504K, reserved 1114112K
  class space    used 2891K, committed 3072K, reserved 1048576K
}
Event: 2.848 GC heap after
{Heap after GC invocations=3 (full 0):
 garbage-first heap   total 227328K, used 48271K [0x0000000722400000, 0x0000000800000000)
  region size 2048K, 4 young (8192K), 4 survivors (8192K)
 Metaspace       used 21177K, committed 21504K, reserved 1114112K
  class space    used 2891K, committed 3072K, reserved 1048576K
}

Dll operation events (20 events):
Event: 0.488 Loaded shared library C:\Users\ËÎ¿¡Èå\.openjfx\cache\17.0.2-ea\api-ms-win-crt-locale-l1-1-0.dll
Event: 0.493 Loaded shared library C:\Users\ËÎ¿¡Èå\.openjfx\cache\17.0.2-ea\api-ms-win-crt-math-l1-1-0.dll
Event: 0.498 Loaded shared library C:\Users\ËÎ¿¡Èå\.openjfx\cache\17.0.2-ea\api-ms-win-crt-multibyte-l1-1-0.dll
Event: 0.503 Loaded shared library C:\Users\ËÎ¿¡Èå\.openjfx\cache\17.0.2-ea\api-ms-win-crt-private-l1-1-0.dll
Event: 0.508 Loaded shared library C:\Users\ËÎ¿¡Èå\.openjfx\cache\17.0.2-ea\api-ms-win-crt-process-l1-1-0.dll
Event: 0.512 Loaded shared library C:\Users\ËÎ¿¡Èå\.openjfx\cache\17.0.2-ea\api-ms-win-crt-runtime-l1-1-0.dll
Event: 0.518 Loaded shared library C:\Users\ËÎ¿¡Èå\.openjfx\cache\17.0.2-ea\api-ms-win-crt-stdio-l1-1-0.dll
Event: 0.524 Loaded shared library C:\Users\ËÎ¿¡Èå\.openjfx\cache\17.0.2-ea\api-ms-win-crt-string-l1-1-0.dll
Event: 0.529 Loaded shared library C:\Users\ËÎ¿¡Èå\.openjfx\cache\17.0.2-ea\api-ms-win-crt-time-l1-1-0.dll
Event: 0.536 Loaded shared library C:\Users\ËÎ¿¡Èå\.openjfx\cache\17.0.2-ea\api-ms-win-crt-utility-l1-1-0.dll
Event: 0.554 Loaded shared library C:\Users\ËÎ¿¡Èå\.openjfx\cache\17.0.2-ea\ucrtbase.dll
Event: 0.560 Loaded shared library C:\Users\ËÎ¿¡Èå\.openjfx\cache\17.0.2-ea\vcruntime140.dll
Event: 0.567 Loaded shared library C:\Users\ËÎ¿¡Èå\.openjfx\cache\17.0.2-ea\vcruntime140_1.dll
Event: 0.577 Loaded shared library C:\Users\ËÎ¿¡Èå\.openjfx\cache\17.0.2-ea\msvcp140.dll
Event: 0.613 Loaded shared library C:\Users\ËÎ¿¡Èå\.openjfx\cache\17.0.2-ea\prism_d3d.dll
Event: 0.683 Loaded shared library C:\Users\ËÎ¿¡Èå\.openjfx\cache\17.0.2-ea\glass.dll
Event: 0.791 Loaded shared library C:\Users\ËÎ¿¡Èå\.jdks\corretto-17.0.10\bin\jimage.dll
Event: 0.902 Loaded shared library C:\Users\ËÎ¿¡Èå\.openjfx\cache\17.0.2-ea\javafx_font.dll
Event: 1.379 Loaded shared library C:\Users\ËÎ¿¡Èå\.openjfx\cache\17.0.2-ea\javafx_iio.dll
Event: 2.725 Loaded shared library C:\Users\ËÎ¿¡Èå\.jdks\corretto-17.0.10\bin\sunmscapi.dll

Deoptimization events (20 events):
Event: 12.245 Thread 0x0000017656d627a0 DEOPT PACKING pc=0x0000017607df3e9c sp=0x0000002d5e3f8970
Event: 12.245 Thread 0x0000017656d627a0 DEOPT UNPACKING pc=0x00000176074a69a3 sp=0x0000002d5e3f8908 mode 2
Event: 12.246 Thread 0x0000017656d627a0 Uncommon trap: trap_request=0xffffffc6 fr.pc=0x0000017607df3e9c relative=0x0000000000001c1c
Event: 12.246 Thread 0x0000017656d627a0 Uncommon trap: reason=bimorphic_or_optimized_type_check action=maybe_recompile pc=0x0000017607df3e9c method=javafx.css.CompoundSelector.stateMatches(Ljavafx/css/Styleable;Ljava/util/Set;I)Z @ 123 c2
Event: 12.246 Thread 0x0000017656d627a0 DEOPT PACKING pc=0x0000017607df3e9c sp=0x0000002d5e3f8450
Event: 12.246 Thread 0x0000017656d627a0 DEOPT UNPACKING pc=0x00000176074a69a3 sp=0x0000002d5e3f83e8 mode 2
Event: 12.253 Thread 0x0000017656d627a0 Uncommon trap: trap_request=0xffffff45 fr.pc=0x0000017607e28804 relative=0x00000000000001a4
Event: 12.253 Thread 0x0000017656d627a0 Uncommon trap: reason=unstable_if action=reinterpret pc=0x0000017607e28804 method=com.sun.javafx.util.Utils.HSBtoRGB(DDD)[D @ 34 c2
Event: 12.253 Thread 0x0000017656d627a0 DEOPT PACKING pc=0x0000017607e28804 sp=0x0000002d5e3f7d70
Event: 12.253 Thread 0x0000017656d627a0 DEOPT UNPACKING pc=0x00000176074a69a3 sp=0x0000002d5e3f7be8 mode 2
Event: 13.236 Thread 0x0000017656d627a0 DEOPT PACKING pc=0x00000176007d7c58 sp=0x0000002d5e3f7c20
Event: 13.236 Thread 0x0000017656d627a0 DEOPT UNPACKING pc=0x00000176074a7143 sp=0x0000002d5e3f7110 mode 0
Event: 13.839 Thread 0x0000017656d627a0 Uncommon trap: trap_request=0xffffff45 fr.pc=0x0000017607e69390 relative=0x0000000000004690
Event: 13.839 Thread 0x0000017656d627a0 Uncommon trap: reason=unstable_if action=reinterpret pc=0x0000017607e69390 method=javafx.scene.CssStyleHelper.canReuseStyleHelper(Ljavafx/scene/Node;Lcom/sun/javafx/css/StyleMap;)Z @ 172 c2
Event: 13.839 Thread 0x0000017656d627a0 DEOPT PACKING pc=0x0000017607e69390 sp=0x0000002d5e3f7380
Event: 13.839 Thread 0x0000017656d627a0 DEOPT UNPACKING pc=0x00000176074a69a3 sp=0x0000002d5e3f72a8 mode 2
Event: 50.703 Thread 0x0000017665cd5dd0 Uncommon trap: trap_request=0xffffffcc fr.pc=0x0000017607d348c8 relative=0x0000000000000328
Event: 50.703 Thread 0x0000017665cd5dd0 Uncommon trap: reason=intrinsic_or_type_checked_inlining action=make_not_entrant pc=0x0000017607d348c8 method=java.util.Arrays.copyOf([Ljava/lang/Object;ILjava/lang/Class;)[Ljava/lang/Object; @ 35 c2
Event: 50.703 Thread 0x0000017665cd5dd0 DEOPT PACKING pc=0x0000017607d348c8 sp=0x0000002d65bfed80
Event: 50.703 Thread 0x0000017665cd5dd0 DEOPT UNPACKING pc=0x00000176074a69a3 sp=0x0000002d65bfed28 mode 2

Classes unloaded (0 events):
No events

Classes redefined (0 events):
No events

Internal exceptions (20 events):
Event: 2.531 Thread 0x0000017656d627a0 Exception <a 'java/lang/NoSuchMethodError'{0x000000072f26c638}: 'int java.lang.invoke.DirectMethodHandle$Holder.invokeSpecialIFC(java.lang.Object, java.lang.Object, java.lang.Object)'> (0x000000072f26c638) 
thrown [s\src\hotspot\share\interpreter\linkResolver.cpp, line 759]
Event: 2.563 Thread 0x0000017656d627a0 Exception <a 'sun/nio/fs/WindowsException'{0x000000072f071468}> (0x000000072f071468) 
thrown [s\src\hotspot\share\prims\jni.cpp, line 516]
Event: 2.568 Thread 0x0000017656d627a0 Exception <a 'sun/nio/fs/WindowsException'{0x000000072f087fd8}> (0x000000072f087fd8) 
thrown [s\src\hotspot\share\prims\jni.cpp, line 516]
Event: 2.572 Thread 0x0000017656d627a0 Exception <a 'java/lang/NoSuchMethodError'{0x000000072f094090}: 'int java.lang.invoke.DirectMethodHandle$Holder.invokeStatic(java.lang.Object, java.lang.Object, java.lang.Object, java.lang.Object)'> (0x000000072f094090) 
thrown [s\src\hotspot\share\interpreter\linkResolver.cpp, line 759]
Event: 2.572 Thread 0x0000017656d627a0 Exception <a 'java/lang/NoSuchMethodError'{0x000000072f097de8}: 'int java.lang.invoke.DirectMethodHandle$Holder.invokeStaticInit(java.lang.Object, java.lang.Object, java.lang.Object, java.lang.Object)'> (0x000000072f097de8) 
thrown [s\src\hotspot\share\interpreter\linkResolver.cpp, line 759]
Event: 2.573 Thread 0x0000017656d627a0 Exception <a 'java/lang/NoSuchMethodError'{0x000000072f0a1860}: 'java.lang.Object java.lang.invoke.DirectMethodHandle$Holder.invokeInterface(java.lang.Object, java.lang.Object)'> (0x000000072f0a1860) 
thrown [s\src\hotspot\share\interpreter\linkResolver.cpp, line 759]
Event: 2.573 Thread 0x0000017656d627a0 Exception <a 'java/lang/IncompatibleClassChangeError'{0x000000072f0a55a8}: Found class java.lang.Object, but interface was expected> (0x000000072f0a55a8) 
thrown [s\src\hotspot\share\interpreter\linkResolver.cpp, line 826]
Event: 2.645 Thread 0x0000017656d627a0 Exception <a 'java/lang/NoSuchMethodError'{0x000000072eaa0680}: 'java.lang.Object java.lang.invoke.DirectMethodHandle$Holder.invokeStaticInit(java.lang.Object, int, int, int, int)'> (0x000000072eaa0680) 
thrown [s\src\hotspot\share\interpreter\linkResolver.cpp, line 759]
Event: 2.705 Thread 0x0000017656d627a0 Exception <a 'java/lang/NoSuchMethodError'{0x000000072eba4b28}: 'java.lang.Object java.lang.invoke.DirectMethodHandle$Holder.invokeStaticInit(java.lang.Object, java.lang.Object, int, int, int, int)'> (0x000000072eba4b28) 
thrown [s\src\hotspot\share\interpreter\linkResolver.cpp, line 759]
Event: 2.743 Thread 0x0000017656d627a0 Exception <a 'sun/nio/fs/WindowsException'{0x000000072e837220}> (0x000000072e837220) 
thrown [s\src\hotspot\share\prims\jni.cpp, line 516]
Event: 2.792 Thread 0x0000017656d627a0 Exception <a 'java/lang/NoSuchMethodError'{0x000000072e7280c0}: 'java.lang.Object java.lang.invoke.DirectMethodHandle$Holder.invokeSpecial(java.lang.Object, java.lang.Object, java.lang.Object, java.lang.Object, int)'> (0x000000072e7280c0) 
thrown [s\src\hotspot\share\interpreter\linkResolver.cpp, line 759]
Event: 2.792 Thread 0x0000017656d627a0 Exception <a 'java/lang/NoSuchMethodError'{0x000000072e72c1d8}: 'java.lang.Object java.lang.invoke.Invokers$Holder.linkToTargetMethod(java.lang.Object, java.lang.Object, int, java.lang.Object)'> (0x000000072e72c1d8) 
thrown [s\src\hotspot\share\interpreter\linkResolver.cpp, line 759]
Event: 2.815 Thread 0x0000017657332440 Exception <a 'java/lang/NoSuchMethodError'{0x000000072e9103c0}: 'void java.lang.invoke.DirectMethodHandle$Holder.invokeStatic(java.lang.Object, java.lang.Object, int)'> (0x000000072e9103c0) 
thrown [s\src\hotspot\share\interpreter\linkResolver.cpp, line 759]
Event: 2.830 Thread 0x0000017657331000 Exception <a 'java/lang/NoSuchMethodError'{0x000000072e4530c8}: 'java.lang.Object java.lang.invoke.DirectMethodHandle$Holder.newInvokeSpecial(java.lang.Object, java.lang.Object, long, java.lang.Object, java.lang.Object, java.lang.Object)'> (0x000000072e4530c8) 
thrown [s\src\hotspot\share\interpreter\linkResolver.cpp, line 759]
Event: 2.833 Thread 0x0000017657331000 Exception <a 'java/lang/NoSuchMethodError'{0x000000072e5241f8}: 'void java.lang.invoke.DirectMethodHandle$Holder.invokeSpecial(java.lang.Object, java.lang.Object, java.lang.Object, java.lang.Object, java.lang.Object, java.lang.Object, java.lang.Object)'> (0x000000072e5241f8) 
thrown [s\src\hotspot\share\interpreter\linkResolver.cpp, line 759]
Event: 3.102 Thread 0x0000017656d627a0 Exception <a 'java/lang/ClassNotFoundException'{0x000000072b1fc3b0}: sun/util/logging/resources/spi/loggingProvider> (0x000000072b1fc3b0) 
thrown [s\src\hotspot\share\classfile\systemDictionary.cpp, line 256]
Event: 3.441 Thread 0x0000017656d627a0 Exception <a 'java/io/FileNotFoundException'{0x0000000729ab5060}> (0x0000000729ab5060) 
thrown [s\src\hotspot\share\prims\jni.cpp, line 516]
Event: 3.478 Thread 0x0000017656d627a0 Exception <a 'java/lang/NoSuchMethodError'{0x0000000729635518}: 'void java.lang.invoke.DirectMethodHandle$Holder.invokeSpecialIFC(java.lang.Object, java.lang.Object, java.lang.Object, java.lang.Object)'> (0x0000000729635518) 
thrown [s\src\hotspot\share\interpreter\linkResolver.cpp, line 759]
Event: 3.513 Thread 0x0000017656d627a0 Exception <a 'java/lang/NoSuchMethodError'{0x0000000729426138}: 'int java.lang.invoke.DirectMethodHandle$Holder.invokeSpecial(java.lang.Object, java.lang.Object, int)'> (0x0000000729426138) 
thrown [s\src\hotspot\share\interpreter\linkResolver.cpp, line 759]
Event: 13.165 Thread 0x0000017656d627a0 Exception <a 'java/io/FileNotFoundException'{0x00000007273a9dc0}> (0x00000007273a9dc0) 
thrown [s\src\hotspot\share\prims\jni.cpp, line 516]

VM Operations (20 events):
Event: 7.011 Executing VM operation: HandshakeAllThreads done
Event: 7.672 Executing VM operation: HandshakeAllThreads
Event: 7.673 Executing VM operation: HandshakeAllThreads done
Event: 8.672 Executing VM operation: Cleanup
Event: 8.672 Executing VM operation: Cleanup done
Event: 10.672 Executing VM operation: Cleanup
Event: 10.673 Executing VM operation: Cleanup done
Event: 11.673 Executing VM operation: Cleanup
Event: 11.673 Executing VM operation: Cleanup done
Event: 12.231 Executing VM operation: HandshakeAllThreads
Event: 12.231 Executing VM operation: HandshakeAllThreads done
Event: 12.238 Executing VM operation: HandshakeAllThreads
Event: 12.239 Executing VM operation: HandshakeAllThreads done
Event: 12.249 Executing VM operation: HandshakeAllThreads
Event: 12.249 Executing VM operation: HandshakeAllThreads done
Event: 13.249 Executing VM operation: Cleanup
Event: 13.250 Executing VM operation: Cleanup done
Event: 15.249 Executing VM operation: Cleanup
Event: 15.249 Executing VM operation: Cleanup done
Event: 50.704 Executing VM operation: Exit

Events (20 events):
Event: 13.155 Thread 0x0000017665cd58c0 Thread added: 0x0000017665cd58c0
Event: 13.168 Thread 0x0000017665bd9910 Thread added: 0x0000017665bd9910
Event: 13.212 Thread 0x0000017665bd83d0 Thread added: 0x0000017665bd83d0
Event: 13.229 Thread 0x0000017665bda900 Thread added: 0x0000017665bda900
Event: 13.244 Thread 0x0000017665bdae50 Thread added: 0x0000017665bdae50
Event: 13.318 Thread 0x0000017665bd7e80 Thread added: 0x0000017665bd7e80
Event: 13.678 Thread 0x0000017665bd7e80 Thread exited: 0x0000017665bd7e80
Event: 13.766 Thread 0x0000017665bda900 Thread exited: 0x0000017665bda900
Event: 13.766 Thread 0x0000017665bdae50 Thread exited: 0x0000017665bdae50
Event: 13.766 Thread 0x0000017665bd9910 Thread exited: 0x0000017665bd9910
Event: 14.413 Thread 0x0000017665bd83d0 Thread exited: 0x0000017665bd83d0
Event: 15.330 Thread 0x00000176560c22a0 Thread exited: 0x00000176560c22a0
Event: 50.701 loading class jdk/internal/misc/Signal$1
Event: 50.702 loading class jdk/internal/misc/Signal$1 done
Event: 50.702 Thread 0x0000017665cd9580 Thread added: 0x0000017665cd9580
Event: 50.703 Thread 0x0000017665cd5dd0 Thread added: 0x0000017665cd5dd0
Event: 50.703 Thread 0x0000017665cd2b30 Thread added: 0x0000017665cd2b30
Event: 50.703 Thread 0x0000017665cd5dd0 Thread exited: 0x0000017665cd5dd0
Event: 50.704 Thread 0x0000017665cd2b30 Thread exited: 0x0000017665cd2b30
Event: 50.704 Thread 0x000001765600ee90 Thread exited: 0x000001765600ee90


Dynamic libraries:
0x00007ff75bc70000 - 0x00007ff75bc7e000 	C:\Users\ËÎ¿¡Èå\.jdks\corretto-17.0.10\bin\java.exe
0x00007fffff8d0000 - 0x00007fffffae7000 	C:\WINDOWS\SYSTEM32\ntdll.dll
0x00007ffffe810000 - 0x00007ffffe8d4000 	C:\WINDOWS\System32\KERNEL32.DLL
0x00007ffffd190000 - 0x00007ffffd537000 	C:\WINDOWS\System32\KERNELBASE.dll
0x00007ffffcc90000 - 0x00007ffffcda1000 	C:\WINDOWS\System32\ucrtbase.dll
0x00007fffc84d0000 - 0x00007fffc84eb000 	C:\Users\ËÎ¿¡Èå\.jdks\corretto-17.0.10\bin\VCRUNTIME140.dll
0x00007fff98e60000 - 0x00007fff98e77000 	C:\Users\ËÎ¿¡Èå\.jdks\corretto-17.0.10\bin\jli.dll
0x00007fffff360000 - 0x00007fffff50e000 	C:\WINDOWS\System32\USER32.dll
0x00007ffffce30000 - 0x00007ffffce56000 	C:\WINDOWS\System32\win32u.dll
0x00007ffffe0e0000 - 0x00007ffffe109000 	C:\WINDOWS\System32\GDI32.dll
0x00007ffffce90000 - 0x00007ffffcfa9000 	C:\WINDOWS\System32\gdi32full.dll
0x00007fffe5e70000 - 0x00007fffe6103000 	C:\WINDOWS\WinSxS\amd64_microsoft.windows.common-controls_6595b64144ccf1df_6.0.22621.3527_none_270e469b73872a76\COMCTL32.dll
0x00007ffffcbf0000 - 0x00007ffffcc8a000 	C:\WINDOWS\System32\msvcp_win.dll
0x00007ffffd640000 - 0x00007ffffd6e7000 	C:\WINDOWS\System32\msvcrt.dll
0x00007ffffd600000 - 0x00007ffffd631000 	C:\WINDOWS\System32\IMM32.DLL
0x00007ffff4ee0000 - 0x00007ffff4eec000 	C:\Users\ËÎ¿¡Èå\.jdks\corretto-17.0.10\bin\vcruntime140_1.dll
0x00007fff88ce0000 - 0x00007fff88d6d000 	C:\Users\ËÎ¿¡Èå\.jdks\corretto-17.0.10\bin\msvcp140.dll
0x00007fff6ba10000 - 0x00007fff6c672000 	C:\Users\ËÎ¿¡Èå\.jdks\corretto-17.0.10\bin\server\jvm.dll
0x00007fffff0e0000 - 0x00007fffff192000 	C:\WINDOWS\System32\ADVAPI32.dll
0x00007ffffe9b0000 - 0x00007ffffea58000 	C:\WINDOWS\System32\sechost.dll
0x00007ffffce60000 - 0x00007ffffce88000 	C:\WINDOWS\System32\bcrypt.dll
0x00007ffffdfc0000 - 0x00007ffffe0d5000 	C:\WINDOWS\System32\RPCRT4.dll
0x00007ffffba70000 - 0x00007ffffbabd000 	C:\WINDOWS\SYSTEM32\POWRPROF.dll
0x00007ffff7bb0000 - 0x00007ffff7bb9000 	C:\WINDOWS\SYSTEM32\WSOCK32.dll
0x00007ffffb900000 - 0x00007ffffb90a000 	C:\WINDOWS\SYSTEM32\VERSION.dll
0x00007ffff56a0000 - 0x00007ffff56d4000 	C:\WINDOWS\SYSTEM32\WINMM.dll
0x00007ffffea70000 - 0x00007ffffeae1000 	C:\WINDOWS\System32\WS2_32.dll
0x00007ffffba50000 - 0x00007ffffba63000 	C:\WINDOWS\SYSTEM32\UMPDC.dll
0x00007ffffbd00000 - 0x00007ffffbd18000 	C:\WINDOWS\SYSTEM32\kernel.appcore.dll
0x00007ffff2c50000 - 0x00007ffff2c5a000 	C:\Users\ËÎ¿¡Èå\.jdks\corretto-17.0.10\bin\jimage.dll
0x00007ffffa3f0000 - 0x00007ffffa622000 	C:\WINDOWS\SYSTEM32\DBGHELP.DLL
0x00007ffffe460000 - 0x00007ffffe7e8000 	C:\WINDOWS\System32\combase.dll
0x00007fffff520000 - 0x00007fffff5f7000 	C:\WINDOWS\System32\OLEAUT32.dll
0x00007ffff28e0000 - 0x00007ffff2912000 	C:\WINDOWS\SYSTEM32\dbgcore.DLL
0x00007ffffcdb0000 - 0x00007ffffce29000 	C:\WINDOWS\System32\bcryptPrimitives.dll
0x00007fffed240000 - 0x00007fffed24e000 	C:\Users\ËÎ¿¡Èå\.jdks\corretto-17.0.10\bin\instrument.dll
0x00007fff96b70000 - 0x00007fff96b95000 	C:\Users\ËÎ¿¡Èå\.jdks\corretto-17.0.10\bin\java.dll
0x00007fff85f50000 - 0x00007fff86027000 	C:\Users\ËÎ¿¡Èå\.jdks\corretto-17.0.10\bin\jsvml.dll
0x00007ffffd760000 - 0x00007ffffdfbc000 	C:\WINDOWS\System32\SHELL32.dll
0x00007ffffaf60000 - 0x00007ffffb856000 	C:\WINDOWS\SYSTEM32\windows.storage.dll
0x00007ffffae20000 - 0x00007ffffaf5e000 	C:\WINDOWS\SYSTEM32\wintypes.dll
0x00007fffff790000 - 0x00007fffff885000 	C:\WINDOWS\System32\SHCORE.dll
0x00007fffff6d0000 - 0x00007fffff72e000 	C:\WINDOWS\System32\shlwapi.dll
0x00007ffffcb20000 - 0x00007ffffcb41000 	C:\WINDOWS\SYSTEM32\profapi.dll
0x00007fffcde00000 - 0x00007fffcde19000 	C:\Users\ËÎ¿¡Èå\.jdks\corretto-17.0.10\bin\net.dll
0x00007ffff70b0000 - 0x00007ffff71e6000 	C:\WINDOWS\SYSTEM32\WINHTTP.dll
0x00007ffffc170000 - 0x00007ffffc1d9000 	C:\WINDOWS\system32\mswsock.dll
0x00007fffcba60000 - 0x00007fffcba76000 	C:\Users\ËÎ¿¡Èå\.jdks\corretto-17.0.10\bin\nio.dll
0x00007fffafa10000 - 0x00007fffafa28000 	C:\Users\ËÎ¿¡Èå\.jdks\corretto-17.0.10\bin\zip.dll
0x00007fffed210000 - 0x00007fffed22a000 	D:\IntelliJ IDEA 2023.2.4\bin\breakgen64.dll
0x000001767fc70000 - 0x000001767fc73000 	C:\Users\ËÎ¿¡Èå\.openjfx\cache\17.0.2-ea\api-ms-win-core-console-l1-1-0.dll
0x000001767fc80000 - 0x000001767fc83000 	C:\Users\ËÎ¿¡Èå\.openjfx\cache\17.0.2-ea\api-ms-win-core-console-l1-2-0.dll
0x000001767fc90000 - 0x000001767fc93000 	C:\Users\ËÎ¿¡Èå\.openjfx\cache\17.0.2-ea\api-ms-win-core-datetime-l1-1-0.dll
0x000001767fca0000 - 0x000001767fca3000 	C:\Users\ËÎ¿¡Èå\.openjfx\cache\17.0.2-ea\api-ms-win-core-debug-l1-1-0.dll
0x000001767fcb0000 - 0x000001767fcb3000 	C:\Users\ËÎ¿¡Èå\.openjfx\cache\17.0.2-ea\api-ms-win-core-errorhandling-l1-1-0.dll
0x000001767fcc0000 - 0x000001767fcc4000 	C:\Users\ËÎ¿¡Èå\.openjfx\cache\17.0.2-ea\api-ms-win-core-file-l1-1-0.dll
0x000001767fcd0000 - 0x000001767fcd3000 	C:\Users\ËÎ¿¡Èå\.openjfx\cache\17.0.2-ea\api-ms-win-core-file-l1-2-0.dll
0x000001767fce0000 - 0x000001767fce3000 	C:\Users\ËÎ¿¡Èå\.openjfx\cache\17.0.2-ea\api-ms-win-core-file-l2-1-0.dll
0x000001767fcf0000 - 0x000001767fcf3000 	C:\Users\ËÎ¿¡Èå\.openjfx\cache\17.0.2-ea\api-ms-win-core-handle-l1-1-0.dll
0x000001767fd00000 - 0x000001767fd03000 	C:\Users\ËÎ¿¡Èå\.openjfx\cache\17.0.2-ea\api-ms-win-core-heap-l1-1-0.dll
0x000001767fd10000 - 0x000001767fd13000 	C:\Users\ËÎ¿¡Èå\.openjfx\cache\17.0.2-ea\api-ms-win-core-interlocked-l1-1-0.dll
0x000001767fd20000 - 0x000001767fd23000 	C:\Users\ËÎ¿¡Èå\.openjfx\cache\17.0.2-ea\api-ms-win-core-libraryloader-l1-1-0.dll
0x000001767fd30000 - 0x000001767fd33000 	C:\Users\ËÎ¿¡Èå\.openjfx\cache\17.0.2-ea\api-ms-win-core-localization-l1-2-0.dll
0x000001767fd40000 - 0x000001767fd43000 	C:\Users\ËÎ¿¡Èå\.openjfx\cache\17.0.2-ea\api-ms-win-core-memory-l1-1-0.dll
0x000001767fd50000 - 0x000001767fd53000 	C:\Users\ËÎ¿¡Èå\.openjfx\cache\17.0.2-ea\api-ms-win-core-namedpipe-l1-1-0.dll
0x000001767fd60000 - 0x000001767fd63000 	C:\Users\ËÎ¿¡Èå\.openjfx\cache\17.0.2-ea\api-ms-win-core-processenvironment-l1-1-0.dll
0x000001767fd70000 - 0x000001767fd73000 	C:\Users\ËÎ¿¡Èå\.openjfx\cache\17.0.2-ea\api-ms-win-core-processthreads-l1-1-0.dll
0x000001767fd80000 - 0x000001767fd83000 	C:\Users\ËÎ¿¡Èå\.openjfx\cache\17.0.2-ea\api-ms-win-core-processthreads-l1-1-1.dll
0x000001767fd90000 - 0x000001767fd93000 	C:\Users\ËÎ¿¡Èå\.openjfx\cache\17.0.2-ea\api-ms-win-core-profile-l1-1-0.dll
0x000001767fda0000 - 0x000001767fda3000 	C:\Users\ËÎ¿¡Èå\.openjfx\cache\17.0.2-ea\api-ms-win-core-rtlsupport-l1-1-0.dll
0x000001767fdb0000 - 0x000001767fdb3000 	C:\Users\ËÎ¿¡Èå\.openjfx\cache\17.0.2-ea\api-ms-win-core-string-l1-1-0.dll
0x000001767fdc0000 - 0x000001767fdc3000 	C:\Users\ËÎ¿¡Èå\.openjfx\cache\17.0.2-ea\api-ms-win-core-synch-l1-1-0.dll
0x000001767fdd0000 - 0x000001767fdd3000 	C:\Users\ËÎ¿¡Èå\.openjfx\cache\17.0.2-ea\api-ms-win-core-synch-l1-2-0.dll
0x000001767fde0000 - 0x000001767fde3000 	C:\Users\ËÎ¿¡Èå\.openjfx\cache\17.0.2-ea\api-ms-win-core-sysinfo-l1-1-0.dll
0x000001767fdf0000 - 0x000001767fdf3000 	C:\Users\ËÎ¿¡Èå\.openjfx\cache\17.0.2-ea\api-ms-win-core-timezone-l1-1-0.dll
0x000001767fe00000 - 0x000001767fe03000 	C:\Users\ËÎ¿¡Èå\.openjfx\cache\17.0.2-ea\api-ms-win-core-util-l1-1-0.dll
0x000001767fe10000 - 0x000001767fe13000 	C:\Users\ËÎ¿¡Èå\.openjfx\cache\17.0.2-ea\api-ms-win-crt-conio-l1-1-0.dll
0x000001767fe20000 - 0x000001767fe24000 	C:\Users\ËÎ¿¡Èå\.openjfx\cache\17.0.2-ea\api-ms-win-crt-convert-l1-1-0.dll
0x000001767fe30000 - 0x000001767fe33000 	C:\Users\ËÎ¿¡Èå\.openjfx\cache\17.0.2-ea\api-ms-win-crt-environment-l1-1-0.dll
0x000001767fe40000 - 0x000001767fe43000 	C:\Users\ËÎ¿¡Èå\.openjfx\cache\17.0.2-ea\api-ms-win-crt-filesystem-l1-1-0.dll
0x000001767fe50000 - 0x000001767fe53000 	C:\Users\ËÎ¿¡Èå\.openjfx\cache\17.0.2-ea\api-ms-win-crt-heap-l1-1-0.dll
0x000001767fe60000 - 0x000001767fe63000 	C:\Users\ËÎ¿¡Èå\.openjfx\cache\17.0.2-ea\api-ms-win-crt-locale-l1-1-0.dll
0x000001767fe70000 - 0x000001767fe75000 	C:\Users\ËÎ¿¡Èå\.openjfx\cache\17.0.2-ea\api-ms-win-crt-math-l1-1-0.dll
0x000001767fe80000 - 0x000001767fe85000 	C:\Users\ËÎ¿¡Èå\.openjfx\cache\17.0.2-ea\api-ms-win-crt-multibyte-l1-1-0.dll
0x000001767fe90000 - 0x000001767fea0000 	C:\Users\ËÎ¿¡Èå\.openjfx\cache\17.0.2-ea\api-ms-win-crt-private-l1-1-0.dll
0x000001767fea0000 - 0x000001767fea3000 	C:\Users\ËÎ¿¡Èå\.openjfx\cache\17.0.2-ea\api-ms-win-crt-process-l1-1-0.dll
0x000001767feb0000 - 0x000001767feb4000 	C:\Users\ËÎ¿¡Èå\.openjfx\cache\17.0.2-ea\api-ms-win-crt-runtime-l1-1-0.dll
0x000001767fec0000 - 0x000001767fec4000 	C:\Users\ËÎ¿¡Èå\.openjfx\cache\17.0.2-ea\api-ms-win-crt-stdio-l1-1-0.dll
0x000001767fed0000 - 0x000001767fed4000 	C:\Users\ËÎ¿¡Èå\.openjfx\cache\17.0.2-ea\api-ms-win-crt-string-l1-1-0.dll
0x000001767fee0000 - 0x000001767fee3000 	C:\Users\ËÎ¿¡Èå\.openjfx\cache\17.0.2-ea\api-ms-win-crt-time-l1-1-0.dll
0x000001767fef0000 - 0x000001767fef3000 	C:\Users\ËÎ¿¡Èå\.openjfx\cache\17.0.2-ea\api-ms-win-crt-utility-l1-1-0.dll
0x00007fffe2a20000 - 0x00007fffe2b1c000 	C:\Users\ËÎ¿¡Èå\.openjfx\cache\17.0.2-ea\ucrtbase.dll
0x00007ffff41f0000 - 0x00007ffff420a000 	C:\Users\ËÎ¿¡Èå\.openjfx\cache\17.0.2-ea\vcruntime140.dll
0x00007ffff41e0000 - 0x00007ffff41ec000 	C:\Users\ËÎ¿¡Èå\.openjfx\cache\17.0.2-ea\vcruntime140_1.dll
0x00007fffe72c0000 - 0x00007fffe734d000 	C:\Users\ËÎ¿¡Èå\.openjfx\cache\17.0.2-ea\msvcp140.dll
0x00007ffff3ec0000 - 0x00007ffff3eea000 	C:\Users\ËÎ¿¡Èå\.openjfx\cache\17.0.2-ea\prism_d3d.dll
0x00007fffec980000 - 0x00007fffecb29000 	C:\WINDOWS\system32\d3d9.dll
0x00007ffff9930000 - 0x00007ffff995b000 	C:\WINDOWS\SYSTEM32\dwmapi.dll
0x00007ffff9e60000 - 0x00007ffff9e99000 	C:\WINDOWS\SYSTEM32\dxcore.dll
0x00007ffff96b0000 - 0x00007ffff975b000 	C:\WINDOWS\system32\uxtheme.dll
0x00007ffff2720000 - 0x00007ffff28db000 	C:\WINDOWS\System32\DriverStore\FileRepository\u0387352.inf_amd64_ce4ceb13d73334be\B385477\aticfx64.dll
0x00007fff98e80000 - 0x00007fff98eb4000 	C:\WINDOWS\System32\DriverStore\FileRepository\u0387352.inf_amd64_ce4ceb13d73334be\B385477\atiu9p64.dll
0x00007fff94da0000 - 0x00007fff95af5000 	C:\WINDOWS\System32\DriverStore\FileRepository\u0387352.inf_amd64_ce4ceb13d73334be\B385477\atiumd64.dll
0x00007ffffe110000 - 0x00007ffffe2b5000 	C:\WINDOWS\System32\ole32.dll
0x00000000561e0000 - 0x0000000057107000 	C:\WINDOWS\System32\DriverStore\FileRepository\u0387352.inf_amd64_ce4ceb13d73334be\B385477\atiumd6a.dll
0x00007ffffec50000 - 0x00007fffff0c4000 	C:\WINDOWS\System32\SETUPAPI.dll
0x00007ffff06b0000 - 0x00007ffff06e5000 	C:\WINDOWS\SYSTEM32\amdihk64.dll
0x00007ffff58d0000 - 0x00007ffff591a000 	C:\WINDOWS\SYSTEM32\directxdatabasehelper.dll
0x00007fffed280000 - 0x00007fffed2c2000 	C:\Users\ËÎ¿¡Èå\.openjfx\cache\17.0.2-ea\glass.dll
0x00007ffffe350000 - 0x00007ffffe447000 	C:\WINDOWS\System32\COMDLG32.dll
0x00007ffffeaf0000 - 0x00007ffffec43000 	C:\WINDOWS\System32\MSCTF.dll
0x00007fffed1e0000 - 0x00007fffed1f4000 	C:\Users\ËÎ¿¡Èå\.openjfx\cache\17.0.2-ea\javafx_font.dll
0x00007ffff89c0000 - 0x00007ffff8c34000 	C:\WINDOWS\SYSTEM32\dwrite.dll
0x00007fffff600000 - 0x00007fffff6b0000 	C:\WINDOWS\System32\clbcatq.dll
0x00007ffff7fc0000 - 0x00007ffff8170000 	C:\WINDOWS\SYSTEM32\WindowsCodecs.dll
0x00007fffc9c50000 - 0x00007fffc9cae000 	C:\WINDOWS\system32\dataexchange.dll
0x00007ffff0280000 - 0x00007ffff050b000 	C:\WINDOWS\system32\twinapi.appcore.dll
0x00007fffe6cf0000 - 0x00007fffe6d22000 	C:\Program Files\Common Files\Microsoft Shared\Ink\rtscom.dll
0x00007fffe8930000 - 0x00007fffe8a7b000 	C:\WINDOWS\SYSTEM32\textinputframework.dll
0x00007ffff92c0000 - 0x00007ffff93f3000 	C:\WINDOWS\SYSTEM32\CoreMessaging.dll
0x00007ffff4b70000 - 0x00007ffff4edc000 	C:\WINDOWS\SYSTEM32\CoreUIComponents.dll
0x00007ffffc3f0000 - 0x00007ffffc3fc000 	C:\WINDOWS\SYSTEM32\CRYPTBASE.DLL
0x00007fffb7c90000 - 0x00007fffb8113000 	C:\WINDOWS\system32\SogouTSF.ime
0x00007ffffcfb0000 - 0x00007ffffd118000 	C:\WINDOWS\System32\CRYPT32.dll
0x00007fffdb340000 - 0x00007fffdb347000 	C:\WINDOWS\system32\MSIMG32.dll
0x00007fffb6df0000 - 0x00007fffb7c86000 	C:\WINDOWS\system32\SogouPY.ime
0x00007fffdb220000 - 0x00007fffdb289000 	C:\WINDOWS\SYSTEM32\OLEACC.dll
0x00007ffffbd20000 - 0x00007ffffbd54000 	C:\WINDOWS\SYSTEM32\ntmarta.dll

dbghelp: loaded successfully - version: 4.0.5 - missing functions: none
symbol engine: initialized successfully - sym options: 0x614 - pdb path: .;C:\Users\ËÎ¿¡Èå\.jdks\corretto-17.0.10\bin;C:\WINDOWS\SYSTEM32;C:\WINDOWS\WinSxS\amd64_microsoft.windows.common-controls_6595b64144ccf1df_6.0.22621.3527_none_270e469b73872a76;C:\Users\ËÎ¿¡Èå\.jdks\corretto-17.0.10\bin\;C:\Users\ËÎ¿¡Èå\.jdks\corretto-17.0.10\b;C:\Users\ËÎ¿¡Èå\.jdks\corretto-17.0.1;C:\Users\ËÎ¿¡Èå\.jdks\corretto-17.;C:\Users\ËÎ¿¡Èå\.jdks\corretto-;C:\Users\ËÎ¿¡Èå\.jdks\corret;C:\Users\ËÎ¿¡Èå\.jdks\corretto-17.0.10\bin\server;D:\In;D:\IntelliJ IDEA 2023.2.4\bin;C:\Users\ËÎ¿¡;C:\Users\ËÎ;C:\Users\?C:\Users\?C:\Users\?C:\Users\?C:\Users\?C:\Users\?C:\Users\?C:\Users\?C:\Users\?C:\Users\?C:\Users\?C:\Users\?C:\Users\?C:\Users\?C:\Users\?C:\Users\?C:\Users\?C:\Users\?C:\Users\?C:\Users\?C:\Users\?C:\Users\?C:\Users\?C:\Users\?C:\Users\?C:\Users\?C:\Users\?C:\Users\?C:\Users\?C:\Users\?C:\Users\?C:\Users\?C:\Users\?C:\Users\?C:\Users\?C:\Users\?C:\Users\?C:\Users\?C:\Users\?C:\Users\?C:\Users\?C:\Users\?C:\Users\?C:\Users\?C:\Users\ËÎ¿¡Èå\.openjfx\cache\17.0.2-ea;C:\WINDOWS\System32\DriverStore\FileRepository\u0387352.inf_;C:\Users\ËÎ¿¡Èå\.openjfx\cache\17.0.2-ea;C:\WINDOWS\System32\DriverStore\FileRepository\u0387352.i;C:\WINDOWS\System32\DriverStore\FileRepository\u0387352.i;C:\WINDOWS\System32\DriverStore\FileRepository\u0387352.inf_amd64_ce4ceb13d73334be\B385477;C:\Program Files\Common Files\Microsoft Shared\Ink;D:\ÐÂ½¨ÎÄ¼þ¼Ð\SogouInput\Components\IChat\1.0.1.352;D:\ÐÂ½¨ÎÄ¼þ¼Ð\SogouInput\14.4.0.9458;D:\ÐÂ?D:\ÐÂ;D:\Ð

VM Arguments:
jvm_args: -javaagent:D:\IntelliJ IDEA 2023.2.4\lib\idea_rt.jar=56335:D:\IntelliJ IDEA 2023.2.4\bin -Dfile.encoding=UTF-8 --module-path=C:\Users\ËÎ¿¡Èå\.m2\repository\org\openjfx\javafx-controls\17.0.2\javafx-controls-17.0.2-win.jar;C:\Users\ËÎ¿¡Èå\Desktop\1\Java-fx\target\classes;C:\Users\ËÎ¿¡Èå\.m2\repository\org\openjfx\javafx-fxml\17.0.2\javafx-fxml-17.0.2-win.jar;C:\Users\ËÎ¿¡Èå\.m2\repository\org\openjfx\javafx-base\17.0.2\javafx-base-17.0.2-win.jar;C:\Users\ËÎ¿¡Èå\.m2\repository\org\openjfx\javafx-graphics\17.0.2\javafx-graphics-17.0.2-win.jar;C:\Users\ËÎ¿¡Èå\.m2\repository\com\google\code\gson\gson\2.8.6\gson-2.8.6.jar -Djdk.module.main=org.example.javafx 
java_command: org.example.javafx/org.example.javafx.MainApplication
java_class_path (initial): C:\Users\ËÎ¿¡Èå\.m2\repository\org\openjfx\javafx-controls\17.0.2\javafx-controls-17.0.2.jar;C:\Users\ËÎ¿¡Èå\.m2\repository\org\openjfx\javafx-graphics\17.0.2\javafx-graphics-17.0.2.jar;C:\Users\ËÎ¿¡Èå\.m2\repository\org\openjfx\javafx-base\17.0.2\javafx-base-17.0.2.jar;C:\Users\ËÎ¿¡Èå\.m2\repository\org\openjfx\javafx-fxml\17.0.2\javafx-fxml-17.0.2.jar;C:\Users\ËÎ¿¡Èå\.m2\repository\org\openjfx\javafx-web\17-ea+11\javafx-web-17-ea+11.jar;C:\Users\ËÎ¿¡Èå\.m2\repository\org\openjfx\javafx-web\17-ea+11\javafx-web-17-ea+11-win.jar;C:\Users\ËÎ¿¡Èå\.m2\repository\org\openjfx\javafx-media\17-ea+11\javafx-media-17-ea+11.jar;C:\Users\ËÎ¿¡Èå\.m2\repository\org\openjfx\javafx-media\17-ea+11\javafx-media-17-ea+11-win.jar;C:\Users\ËÎ¿¡Èå\.m2\repository\org\openjfx\javafx-swing\17.0.2\javafx-swing-17.0.2.jar;C:\Users\ËÎ¿¡Èå\.m2\repository\org\openjfx\javafx-swing\17.0.2\javafx-swing-17.0.2-win.jar;C:\Users\ËÎ¿¡Èå\.m2\repository\org\apache\pdfbox\pdfbox\2.0.24\pdfbox-2.0.24.jar;C:\Users\ËÎ¿¡Èå\.m2\repository\org\apache\pdfbox\fontbox\2.0.24\fontbox-2.0.24.jar;C:\Users\ËÎ¿¡Èå\.m2\repository\commons-logging\commons-logging\1.2\commons-logging-1.2.jar;C:\Users\ËÎ¿¡Èå\.m2\repository\org\springframework\security\spring-security-crypto\6.0.0\spring-security-crypto-6.0.0.jar;C:\Users\ËÎ¿¡Èå\.m2\repository\io\github\palexdev\materialfx\11.15.0\materialfx-11.15.0.jar;C:\Users\ËÎ¿¡Èå\.m2\repository\io\github\palexdev\virtualizedfx\11.2.6\virtualizedfx-11.2.6.jar;C:\Users\ËÎ¿¡Èå\.m2\repository\org\freemarker\freemarker\2.3.32\freemarker-2.3.32.jar
Launcher Type: SUN_STANDARD

[Global flags]
     intx CICompilerCount                          = 12                                        {product} {ergonomic}
     uint ConcGCThreads                            = 3                                         {product} {ergonomic}
     uint G1ConcRefinementThreads                  = 13                                        {product} {ergonomic}
   size_t G1HeapRegionSize                         = 2097152                                   {product} {ergonomic}
    uintx GCDrainStackTargetSize                   = 64                                        {product} {ergonomic}
   size_t InitialHeapSize                          = 232783872                                 {product} {ergonomic}
   size_t MarkStackSize                            = 4194304                                   {product} {ergonomic}
   size_t MaxHeapSize                              = 3720347648                                {product} {ergonomic}
   size_t MaxNewSize                               = 2231369728                                {product} {ergonomic}
   size_t MinHeapDeltaBytes                        = 2097152                                   {product} {ergonomic}
   size_t MinHeapSize                              = 8388608                                   {product} {ergonomic}
    uintx NonNMethodCodeHeapSize                   = 7602480                                {pd product} {ergonomic}
    uintx NonProfiledCodeHeapSize                  = 122027880                              {pd product} {ergonomic}
    uintx ProfiledCodeHeapSize                     = 122027880                              {pd product} {ergonomic}
    uintx ReservedCodeCacheSize                    = 251658240                              {pd product} {ergonomic}
     bool SegmentedCodeCache                       = true                                      {product} {ergonomic}
   size_t SoftMaxHeapSize                          = 3720347648                             {manageable} {ergonomic}
     bool UseCompressedClassPointers               = true                           {product lp64_product} {ergonomic}
     bool UseCompressedOops                        = true                           {product lp64_product} {ergonomic}
     bool UseG1GC                                  = true                                      {product} {ergonomic}
     bool UseLargePagesIndividualAllocation        = false                                  {pd product} {ergonomic}

Logging:
Log output configuration:
 #0: stdout all=off uptime,level,tags
 #1: stderr all=off uptime,level,tags

Environment Variables:
JAVA_HOME=D:\developjava
PATH=C:\Program Files (x86)\VMware\VMware Workstation\bin\;C:\Program Files\Common Files\Oracle\Java\javapath;C:\Program Files (x86)\Common Files\Oracle\Java\javapath;C:\Windows\system32;C:\Windows;C:\Windows\System32\Wbem;C:\Windows\System32\WindowsPowerShell\v1.0\;C:\Windows\System32\OpenSSH\;C:\Program Files (x86)\NVIDIA Corporation\PhysX\Common;C:\Program Files\NVIDIA Corporation\NVIDIA NvDLISR;C:\WINDOWS\system32;C:\WINDOWS;C:\WINDOWS\System32\Wbem;C:\WINDOWS\System32\WindowsPowerShell\v1.0\;C:\WINDOWS\System32\OpenSSH\;D:\developjava\bin;D:\developjava\jre\bin;D:\developjava\bin;%JAVAHOME\jre\bin;D:\git\Git\cmd;D:\program\Î¢ÐÅweb¿ª·¢Õß¹¤¾ß\dll;C:\Program Files\nodejs\;C:\opt\w64devkit\bin;%SystemDrive%\Program Files\MySQL\MySQL Shell 8.0\bin\;%USERPROFILE%\AppData\Local\Microsoft\WindowsApps;C:\Users\ËÎ¿¡Èå\AppData\Local\GitHubDesktop\bin;D:\VScode\Microsoft VS Code\bin;C:\Users\ËÎ¿¡Èå\AppData\Roaming\npm;D:\LenovoSoftstore\Install\QQliuxidating\QQGameTempest\Hall.58139\
USERNAME=ËÎ¿¡Èå
OS=Windows_NT
PROCESSOR_IDENTIFIER=AMD64 Family 25 Model 80 Stepping 0, AuthenticAMD
TMP=C:\Users\ËÎ¿¡Èå\AppData\Local\Temp
TEMP=C:\Users\ËÎ¿¡Èå\AppData\Local\Temp



Periodic native trim disabled


---------------  S Y S T E M  ---------------

OS:
 Windows 11 , 64 bit Build 22621 (10.0.22621.3527)
OS uptime: 0 days 0:44 hours

CPU: total 16 (initial active 16) (16 cores per cpu, 2 threads per core) family 25 model 80 stepping 0 microcode 0x0, cx8, cmov, fxsr, ht, mmx, 3dnowpref, sse, sse2, sse3, ssse3, sse4a, sse4.1, sse4.2, popcnt, lzcnt, tsc, tscinvbit, avx, avx2, aes, erms, clmul, bmi1, bmi2, adx, sha, fma, vzeroupper, clflush, clflushopt
Processor Information for processor 0
  Max Mhz: 3201, Current Mhz: 3201, Mhz Limit: 3201
Processor Information for processor 1
  Max Mhz: 3201, Current Mhz: 1802, Mhz Limit: 3201
Processor Information for processor 2
  Max Mhz: 3201, Current Mhz: 3201, Mhz Limit: 3201
Processor Information for processor 3
  Max Mhz: 3201, Current Mhz: 3201, Mhz Limit: 3201
Processor Information for processor 4
  Max Mhz: 3201, Current Mhz: 1802, Mhz Limit: 3201
Processor Information for processor 5
  Max Mhz: 3201, Current Mhz: 1802, Mhz Limit: 3201
Processor Information for processor 6
  Max Mhz: 3201, Current Mhz: 3201, Mhz Limit: 3201
Processor Information for processor 7
  Max Mhz: 3201, Current Mhz: 3201, Mhz Limit: 3201
Processor Information for processor 8
  Max Mhz: 3201, Current Mhz: 1802, Mhz Limit: 3201
Processor Information for processor 9
  Max Mhz: 3201, Current Mhz: 1802, Mhz Limit: 3201
Processor Information for processor 10
  Max Mhz: 3201, Current Mhz: 1802, Mhz Limit: 3201
Processor Information for processor 11
  Max Mhz: 3201, Current Mhz: 1802, Mhz Limit: 3201
Processor Information for processor 12
  Max Mhz: 3201, Current Mhz: 1802, Mhz Limit: 3201
Processor Information for processor 13
  Max Mhz: 3201, Current Mhz: 1802, Mhz Limit: 3201
Processor Information for processor 14
  Max Mhz: 3201, Current Mhz: 1802, Mhz Limit: 3201
Processor Information for processor 15
  Max Mhz: 3201, Current Mhz: 1802, Mhz Limit: 3201

Memory: 4k page, system-wide physical 14188M (3776M free)
TotalPageFile size 19308M (AvailPageFile size 6075M)
current process WorkingSet (physical memory assigned to process): 366M, peak: 402M
current process commit charge ("private bytes"): 554M, peak: 594M

vm_info: OpenJDK 64-Bit Server VM (17.0.10+7-LTS) for windows-amd64 JRE (17.0.10+7-LTS), built on Jan 10 2024 22:11:07 by "Administrator" with MS VC++ 16.10 / 16.11 (VS2019)

END.
